[INFO ] 2015-12-13 15:23:43.451 [main] EvaluatorTestException - Parameterized String is : 0.2HELLO KEN0.2+1.01*6
[INFO ] 2015-12-13 15:23:43.454 [main] EvaluatorTestException - Invalid expression. Can only be composed of numbers, operators and parentheses
[INFO ] 2015-12-13 15:23:43.456 [main] EvaluatorTestException - Parameterized String is : (44//)*(53/2)
[INFO ] 2015-12-13 15:23:43.457 [main] EvaluatorTestException - Invalid expression, an operator can't proceed another operator or an opening parenthesis
[INFO ] 2015-12-13 15:23:43.457 [main] EvaluatorTestException - Parameterized String is : 100*4(-72)63
[INFO ] 2015-12-13 15:23:43.457 [main] EvaluatorTestException - Invalid expression, an opening parenthesis can't proceed a number or an closing parenthesis
[INFO ] 2015-12-13 15:23:43.458 [main] EvaluatorTestException - Parameterized String is : )(86*1.63)/2)*54
[INFO ] 2015-12-13 15:23:43.458 [main] EvaluatorTestException - Invalid expression, can't start expression with an operator or a closing parenthesis
[INFO ] 2015-12-13 15:23:43.458 [main] EvaluatorTestException - Parameterized String is : (((9+10)))+2/
[INFO ] 2015-12-13 15:23:43.458 [main] EvaluatorTestException - Invalid expression, can't end expression with an operator or an opening parenthesis
[INFO ] 2015-12-13 15:23:53.799 [main] EvaluatorTestWithInfixClass - Parameterized String is : (500*1.7/-5.3)+2-0.75/1.45
[INFO ] 2015-12-13 15:23:53.803 [main] EvaluatorTestWithInfixClass - Expected Result : -158.89
[INFO ] 2015-12-13 15:23:53.803 [main] EvaluatorTestWithInfixClass - Actual Result : -158.89
[INFO ] 2015-12-13 15:23:53.805 [main] EvaluatorTestWithInfixClass - Parameterized String is : (-96/7)+(0.99*70)/(1.07*2)
[INFO ] 2015-12-13 15:23:53.805 [main] EvaluatorTestWithInfixClass - Expected Result : 18.67
[INFO ] 2015-12-13 15:23:53.806 [main] EvaluatorTestWithInfixClass - Actual Result : 18.67
[INFO ] 2015-12-13 15:23:53.806 [main] EvaluatorTestWithInfixClass - Parameterized String is : 68+(2+9-18)/1.2*5.3
[INFO ] 2015-12-13 15:23:53.807 [main] EvaluatorTestWithInfixClass - Expected Result : 37.08
[INFO ] 2015-12-13 15:23:53.807 [main] EvaluatorTestWithInfixClass - Actual Result : 37.08
[INFO ] 2015-12-13 15:23:53.807 [main] EvaluatorTestWithInfixClass - Parameterized String is : -99+3+1-2/(-4+0.5)
[INFO ] 2015-12-13 15:23:53.808 [main] EvaluatorTestWithInfixClass - Expected Result : -94.43
[INFO ] 2015-12-13 15:23:53.808 [main] EvaluatorTestWithInfixClass - Actual Result : -94.43
[INFO ] 2015-12-13 15:23:53.808 [main] EvaluatorTestWithInfixClass - Parameterized String is : (100/0.3*0.5+4)*0.75
[INFO ] 2015-12-13 15:23:53.809 [main] EvaluatorTestWithInfixClass - Expected Result : 128.0
[INFO ] 2015-12-13 15:23:53.809 [main] EvaluatorTestWithInfixClass - Actual Result : 128.0
[INFO ] 2015-12-13 15:23:53.809 [main] EvaluatorTestWithInfixClass - Parameterized String is : 30/(50+0.5)*10/-5
[INFO ] 2015-12-13 15:23:53.810 [main] EvaluatorTestWithInfixClass - Expected Result : -1.19
[INFO ] 2015-12-13 15:23:53.810 [main] EvaluatorTestWithInfixClass - Actual Result : -1.19
[INFO ] 2015-12-13 15:23:53.810 [main] EvaluatorTestWithInfixClass - Parameterized String is : (10-20)*2-3*2
[INFO ] 2015-12-13 15:23:53.811 [main] EvaluatorTestWithInfixClass - Expected Result : -26.0
[INFO ] 2015-12-13 15:23:53.811 [main] EvaluatorTestWithInfixClass - Actual Result : -26.0
[INFO ] 2015-12-13 15:23:53.811 [main] EvaluatorTestWithInfixClass - Parameterized String is : (4*2+3-2)/(6/8)
[INFO ] 2015-12-13 15:23:53.812 [main] EvaluatorTestWithInfixClass - Expected Result : 12.0
[INFO ] 2015-12-13 15:23:53.812 [main] EvaluatorTestWithInfixClass - Actual Result : 12.0
[INFO ] 2015-12-13 15:23:53.812 [main] EvaluatorTestWithInfixClass - Parameterized String is : (1+8-5/2)*2+4
[INFO ] 2015-12-13 15:23:53.813 [main] EvaluatorTestWithInfixClass - Expected Result : 17.0
[INFO ] 2015-12-13 15:23:53.813 [main] EvaluatorTestWithInfixClass - Actual Result : 17.0
[INFO ] 2015-12-13 15:23:53.813 [main] EvaluatorTestWithInfixClass - Parameterized String is : 18+2-0.75/(-2*0.5)
[INFO ] 2015-12-13 15:23:53.814 [main] EvaluatorTestWithInfixClass - Expected Result : 20.75
[INFO ] 2015-12-13 15:23:53.814 [main] EvaluatorTestWithInfixClass - Actual Result : 20.75
[INFO ] 2015-12-13 15:24:04.592 [main] EvaluatorTestWithQueue - Parameterized String is : 1+255/3+(1*2)
[INFO ] 2015-12-13 15:24:04.595 [main] EvaluatorTestWithQueue - Expected Result : 88.0
[INFO ] 2015-12-13 15:24:04.596 [main] EvaluatorTestWithQueue - Actual Result : 88.0
[INFO ] 2015-12-13 15:24:04.597 [main] EvaluatorTestWithQueue - Parameterized String is : (360-2.50)/(2*(3-2)+62)
[INFO ] 2015-12-13 15:24:04.598 [main] EvaluatorTestWithQueue - Expected Result : 5.59
[INFO ] 2015-12-13 15:24:04.598 [main] EvaluatorTestWithQueue - Actual Result : 5.59
[INFO ] 2015-12-13 15:24:04.598 [main] EvaluatorTestWithQueue - Parameterized String is : (2*3/1)+2
[INFO ] 2015-12-13 15:24:04.599 [main] EvaluatorTestWithQueue - Expected Result : 8.0
[INFO ] 2015-12-13 15:24:04.599 [main] EvaluatorTestWithQueue - Actual Result : 8.0
[INFO ] 2015-12-13 15:24:04.599 [main] EvaluatorTestWithQueue - Parameterized String is : 1+(2.5-0.75)/70
[INFO ] 2015-12-13 15:24:04.600 [main] EvaluatorTestWithQueue - Expected Result : 1.02
[INFO ] 2015-12-13 15:24:04.600 [main] EvaluatorTestWithQueue - Actual Result : 1.02
[INFO ] 2015-12-13 15:24:04.601 [main] EvaluatorTestWithQueue - Parameterized String is : (-22+4)/9
[INFO ] 2015-12-13 15:24:04.601 [main] EvaluatorTestWithQueue - Expected Result : -2.0
[INFO ] 2015-12-13 15:24:04.601 [main] EvaluatorTestWithQueue - Actual Result : -2.0
[INFO ] 2015-12-13 15:24:04.602 [main] EvaluatorTestWithQueue - Parameterized String is : ((64-7)+(44/4))/2
[INFO ] 2015-12-13 15:24:04.604 [main] EvaluatorTestWithQueue - Expected Result : 34.0
[INFO ] 2015-12-13 15:24:04.604 [main] EvaluatorTestWithQueue - Actual Result : 34.0
[INFO ] 2015-12-13 15:24:04.604 [main] EvaluatorTestWithQueue - Parameterized String is : 3.6+-0.2-4*9
[INFO ] 2015-12-13 15:24:04.605 [main] EvaluatorTestWithQueue - Expected Result : -32.6
[INFO ] 2015-12-13 15:24:04.605 [main] EvaluatorTestWithQueue - Actual Result : -32.6
[INFO ] 2015-12-13 15:24:04.605 [main] EvaluatorTestWithQueue - Parameterized String is : 34*4+((9*10)/2)
[INFO ] 2015-12-13 15:24:04.606 [main] EvaluatorTestWithQueue - Expected Result : 181.0
[INFO ] 2015-12-13 15:24:04.606 [main] EvaluatorTestWithQueue - Actual Result : 181.0
[INFO ] 2015-12-13 15:24:04.606 [main] EvaluatorTestWithQueue - Parameterized String is : (-0.4+-1.5+4)*5
[INFO ] 2015-12-13 15:24:04.606 [main] EvaluatorTestWithQueue - Expected Result : 10.5
[INFO ] 2015-12-13 15:24:04.607 [main] EvaluatorTestWithQueue - Actual Result : 10.5
[INFO ] 2015-12-13 15:24:04.607 [main] EvaluatorTestWithQueue - Parameterized String is : ((74+52)/2)*((9*8)/4)
[INFO ] 2015-12-13 15:24:04.607 [main] EvaluatorTestWithQueue - Expected Result : 1134.0
[INFO ] 2015-12-13 15:24:04.607 [main] EvaluatorTestWithQueue - Actual Result : 1134.0
[INFO ] 2015-12-13 15:24:04.608 [main] EvaluatorTestWithQueue - Parameterized String is : 0.2*0.2+1.01*6
[INFO ] 2015-12-13 15:24:04.608 [main] EvaluatorTestWithQueue - Expected Result : 6.1
[INFO ] 2015-12-13 15:24:04.608 [main] EvaluatorTestWithQueue - Actual Result : 6.1
[INFO ] 2015-12-13 15:24:04.609 [main] EvaluatorTestWithQueue - Parameterized String is : (44/2)*(53/2)
[INFO ] 2015-12-13 15:24:04.609 [main] EvaluatorTestWithQueue - Expected Result : 583.0
[INFO ] 2015-12-13 15:24:04.609 [main] EvaluatorTestWithQueue - Actual Result : 583.0
[INFO ] 2015-12-13 15:24:04.609 [main] EvaluatorTestWithQueue - Parameterized String is : 100*4+-72+63
[INFO ] 2015-12-13 15:24:04.610 [main] EvaluatorTestWithQueue - Expected Result : 391.0
[INFO ] 2015-12-13 15:24:04.610 [main] EvaluatorTestWithQueue - Actual Result : 391.0
[INFO ] 2015-12-13 15:24:04.610 [main] EvaluatorTestWithQueue - Parameterized String is : ((86*1.63)/2)*54
[INFO ] 2015-12-13 15:24:04.611 [main] EvaluatorTestWithQueue - Expected Result : 3784.86
[INFO ] 2015-12-13 15:24:04.611 [main] EvaluatorTestWithQueue - Actual Result : 3784.86
[INFO ] 2015-12-13 15:24:04.611 [main] EvaluatorTestWithQueue - Parameterized String is : (((9+10)))+2
[INFO ] 2015-12-13 15:24:04.612 [main] EvaluatorTestWithQueue - Expected Result : 21.0
[INFO ] 2015-12-13 15:24:04.612 [main] EvaluatorTestWithQueue - Actual Result : 21.0
[INFO ] 2015-12-13 16:06:21.618 [main] EvaluatorTestException - Parameterized String is : 0.2HELLO KEN0.2+1.01*6
[INFO ] 2015-12-13 16:06:21.621 [main] EvaluatorTestException - Invalid expression. Can only be composed of numbers, operators and parentheses
[INFO ] 2015-12-13 16:06:21.622 [main] EvaluatorTestException - Parameterized String is : (44//)*(53/2)
[INFO ] 2015-12-13 16:06:21.623 [main] EvaluatorTestException - Invalid expression, an operator can't proceed another operator or an opening parenthesis
[INFO ] 2015-12-13 16:06:21.623 [main] EvaluatorTestException - Parameterized String is : 100*4(-72)63
[INFO ] 2015-12-13 16:06:21.624 [main] EvaluatorTestException - Invalid expression, an opening parenthesis can't proceed a number or an closing parenthesis
[INFO ] 2015-12-13 16:06:21.624 [main] EvaluatorTestException - Parameterized String is : )(86*1.63)/2)*54
[INFO ] 2015-12-13 16:06:21.624 [main] EvaluatorTestException - Invalid expression, can't start expression with an operator or a closing parenthesis
[INFO ] 2015-12-13 16:06:21.625 [main] EvaluatorTestException - Parameterized String is : (((9+10)))+2/
[INFO ] 2015-12-13 16:06:21.626 [main] EvaluatorTestException - Invalid expression, can't end expression with an operator or an opening parenthesis
[INFO ] 2015-12-13 16:06:34.381 [main] EvaluatorTestWithInfixClass - Parameterized String is : (500*1.7/-5.3)+2-0.75/1.45
[INFO ] 2015-12-13 16:06:34.385 [main] EvaluatorTestWithInfixClass - Expected Result : -158.89
[INFO ] 2015-12-13 16:06:34.385 [main] EvaluatorTestWithInfixClass - Actual Result : -158.89
[INFO ] 2015-12-13 16:06:34.387 [main] EvaluatorTestWithInfixClass - Parameterized String is : (-96/7)+(0.99*70)/(1.07*2)
[INFO ] 2015-12-13 16:06:34.387 [main] EvaluatorTestWithInfixClass - Expected Result : 18.67
[INFO ] 2015-12-13 16:06:34.388 [main] EvaluatorTestWithInfixClass - Actual Result : 18.67
[INFO ] 2015-12-13 16:06:34.388 [main] EvaluatorTestWithInfixClass - Parameterized String is : 68+(2+9-18)/1.2*5.3
[INFO ] 2015-12-13 16:06:34.389 [main] EvaluatorTestWithInfixClass - Expected Result : 37.08
[INFO ] 2015-12-13 16:06:34.389 [main] EvaluatorTestWithInfixClass - Actual Result : 37.08
[INFO ] 2015-12-13 16:06:34.389 [main] EvaluatorTestWithInfixClass - Parameterized String is : -99+3+1-2/(-4+0.5)
[INFO ] 2015-12-13 16:06:34.390 [main] EvaluatorTestWithInfixClass - Expected Result : -94.43
[INFO ] 2015-12-13 16:06:34.390 [main] EvaluatorTestWithInfixClass - Actual Result : -94.43
[INFO ] 2015-12-13 16:06:34.390 [main] EvaluatorTestWithInfixClass - Parameterized String is : (100/0.3*0.5+4)*0.75
[INFO ] 2015-12-13 16:06:34.391 [main] EvaluatorTestWithInfixClass - Expected Result : 128.0
[INFO ] 2015-12-13 16:06:34.391 [main] EvaluatorTestWithInfixClass - Actual Result : 128.0
[INFO ] 2015-12-13 16:06:34.391 [main] EvaluatorTestWithInfixClass - Parameterized String is : 30/(50+0.5)*10/-5
[INFO ] 2015-12-13 16:06:34.392 [main] EvaluatorTestWithInfixClass - Expected Result : -1.19
[INFO ] 2015-12-13 16:06:34.392 [main] EvaluatorTestWithInfixClass - Actual Result : -1.19
[INFO ] 2015-12-13 16:06:34.393 [main] EvaluatorTestWithInfixClass - Parameterized String is : (10-20)*2-3*2
[INFO ] 2015-12-13 16:06:34.393 [main] EvaluatorTestWithInfixClass - Expected Result : -26.0
[INFO ] 2015-12-13 16:06:34.393 [main] EvaluatorTestWithInfixClass - Actual Result : -26.0
[INFO ] 2015-12-13 16:06:34.394 [main] EvaluatorTestWithInfixClass - Parameterized String is : (4*2+3-2)/(6/8)
[INFO ] 2015-12-13 16:06:34.394 [main] EvaluatorTestWithInfixClass - Expected Result : 12.0
[INFO ] 2015-12-13 16:06:34.395 [main] EvaluatorTestWithInfixClass - Actual Result : 12.0
[INFO ] 2015-12-13 16:06:34.395 [main] EvaluatorTestWithInfixClass - Parameterized String is : (1+8-5/2)*2+4
[INFO ] 2015-12-13 16:06:34.396 [main] EvaluatorTestWithInfixClass - Expected Result : 17.0
[INFO ] 2015-12-13 16:06:34.396 [main] EvaluatorTestWithInfixClass - Actual Result : 17.0
[INFO ] 2015-12-13 16:06:34.396 [main] EvaluatorTestWithInfixClass - Parameterized String is : 18+2-0.75/(-2*0.5)
[INFO ] 2015-12-13 16:06:34.397 [main] EvaluatorTestWithInfixClass - Expected Result : 20.75
[INFO ] 2015-12-13 16:06:34.397 [main] EvaluatorTestWithInfixClass - Actual Result : 20.75
[INFO ] 2015-12-13 16:06:41.775 [main] EvaluatorTestWithQueue - Parameterized String is : 1+255/3+(1*2)
[INFO ] 2015-12-13 16:06:41.778 [main] EvaluatorTestWithQueue - Expected Result : 88.0
[INFO ] 2015-12-13 16:06:41.778 [main] EvaluatorTestWithQueue - Actual Result : 88.0
[INFO ] 2015-12-13 16:06:41.780 [main] EvaluatorTestWithQueue - Parameterized String is : (360-2.50)/(2*(3-2)+62)
[INFO ] 2015-12-13 16:06:41.780 [main] EvaluatorTestWithQueue - Expected Result : 5.59
[INFO ] 2015-12-13 16:06:41.780 [main] EvaluatorTestWithQueue - Actual Result : 5.59
[INFO ] 2015-12-13 16:06:41.781 [main] EvaluatorTestWithQueue - Parameterized String is : (2*3/1)+2
[INFO ] 2015-12-13 16:06:41.781 [main] EvaluatorTestWithQueue - Expected Result : 8.0
[INFO ] 2015-12-13 16:06:41.782 [main] EvaluatorTestWithQueue - Actual Result : 8.0
[INFO ] 2015-12-13 16:06:41.782 [main] EvaluatorTestWithQueue - Parameterized String is : 1+(2.5-0.75)/70
[INFO ] 2015-12-13 16:06:41.782 [main] EvaluatorTestWithQueue - Expected Result : 1.02
[INFO ] 2015-12-13 16:06:41.784 [main] EvaluatorTestWithQueue - Actual Result : 1.02
[INFO ] 2015-12-13 16:06:41.784 [main] EvaluatorTestWithQueue - Parameterized String is : (-22+4)/9
[INFO ] 2015-12-13 16:06:41.785 [main] EvaluatorTestWithQueue - Expected Result : -2.0
[INFO ] 2015-12-13 16:06:41.785 [main] EvaluatorTestWithQueue - Actual Result : -2.0
[INFO ] 2015-12-13 16:06:41.785 [main] EvaluatorTestWithQueue - Parameterized String is : ((64-7)+(44/4))/2
[INFO ] 2015-12-13 16:06:41.786 [main] EvaluatorTestWithQueue - Expected Result : 34.0
[INFO ] 2015-12-13 16:06:41.786 [main] EvaluatorTestWithQueue - Actual Result : 34.0
[INFO ] 2015-12-13 16:06:41.786 [main] EvaluatorTestWithQueue - Parameterized String is : 3.6+-0.2-4*9
[INFO ] 2015-12-13 16:06:41.787 [main] EvaluatorTestWithQueue - Expected Result : -32.6
[INFO ] 2015-12-13 16:06:41.787 [main] EvaluatorTestWithQueue - Actual Result : -32.6
[INFO ] 2015-12-13 16:06:41.787 [main] EvaluatorTestWithQueue - Parameterized String is : 34*4+((9*10)/2)
[INFO ] 2015-12-13 16:06:41.787 [main] EvaluatorTestWithQueue - Expected Result : 181.0
[INFO ] 2015-12-13 16:06:41.788 [main] EvaluatorTestWithQueue - Actual Result : 181.0
[INFO ] 2015-12-13 16:06:41.788 [main] EvaluatorTestWithQueue - Parameterized String is : (-0.4+-1.5+4)*5
[INFO ] 2015-12-13 16:06:41.788 [main] EvaluatorTestWithQueue - Expected Result : 10.5
[INFO ] 2015-12-13 16:06:41.788 [main] EvaluatorTestWithQueue - Actual Result : 10.5
[INFO ] 2015-12-13 16:06:41.789 [main] EvaluatorTestWithQueue - Parameterized String is : ((74+52)/2)*((9*8)/4)
[INFO ] 2015-12-13 16:06:41.789 [main] EvaluatorTestWithQueue - Expected Result : 1134.0
[INFO ] 2015-12-13 16:06:41.789 [main] EvaluatorTestWithQueue - Actual Result : 1134.0
[INFO ] 2015-12-13 16:06:41.791 [main] EvaluatorTestWithQueue - Parameterized String is : 0.2*0.2+1.01*6
[INFO ] 2015-12-13 16:06:41.791 [main] EvaluatorTestWithQueue - Expected Result : 6.1
[INFO ] 2015-12-13 16:06:41.791 [main] EvaluatorTestWithQueue - Actual Result : 6.1
[INFO ] 2015-12-13 16:06:41.792 [main] EvaluatorTestWithQueue - Parameterized String is : (44/2)*(53/2)
[INFO ] 2015-12-13 16:06:41.792 [main] EvaluatorTestWithQueue - Expected Result : 583.0
[INFO ] 2015-12-13 16:06:41.792 [main] EvaluatorTestWithQueue - Actual Result : 583.0
[INFO ] 2015-12-13 16:06:41.792 [main] EvaluatorTestWithQueue - Parameterized String is : 100*4+-72+63
[INFO ] 2015-12-13 16:06:41.793 [main] EvaluatorTestWithQueue - Expected Result : 391.0
[INFO ] 2015-12-13 16:06:41.793 [main] EvaluatorTestWithQueue - Actual Result : 391.0
[INFO ] 2015-12-13 16:06:41.793 [main] EvaluatorTestWithQueue - Parameterized String is : ((86*1.63)/2)*54
[INFO ] 2015-12-13 16:06:41.794 [main] EvaluatorTestWithQueue - Expected Result : 3784.86
[INFO ] 2015-12-13 16:06:41.794 [main] EvaluatorTestWithQueue - Actual Result : 3784.86
[INFO ] 2015-12-13 16:06:41.794 [main] EvaluatorTestWithQueue - Parameterized String is : (((9+10)))+2
[INFO ] 2015-12-13 16:06:41.795 [main] EvaluatorTestWithQueue - Expected Result : 21.0
[INFO ] 2015-12-13 16:06:41.795 [main] EvaluatorTestWithQueue - Actual Result : 21.0
[INFO ] 2015-12-13 20:52:41.910 [main] EvaluatorTestException - Parameterized String is : 0.2HELLO KEN0.2+1.01*6
[INFO ] 2015-12-13 20:52:41.912 [main] EvaluatorTestException - Invalid expression. Can only be composed of numbers, operators and parentheses
[INFO ] 2015-12-13 20:52:41.914 [main] EvaluatorTestException - Parameterized String is : (44//)*(53/2)
[INFO ] 2015-12-13 20:52:41.915 [main] EvaluatorTestException - Invalid expression, an operator can't proceed another operator or an opening parenthesis
[INFO ] 2015-12-13 20:52:41.915 [main] EvaluatorTestException - Parameterized String is : 100*4(-72)63
[INFO ] 2015-12-13 20:52:41.915 [main] EvaluatorTestException - Invalid expression, an opening parenthesis can't proceed a number or an closing parenthesis
[INFO ] 2015-12-13 20:52:41.916 [main] EvaluatorTestException - Parameterized String is : )(86*1.63)/2)*54
[INFO ] 2015-12-13 20:52:41.916 [main] EvaluatorTestException - Invalid expression, can't start expression with an operator or a closing parenthesis
[INFO ] 2015-12-13 20:52:41.916 [main] EvaluatorTestException - Parameterized String is : (((9+10)))+2/
[INFO ] 2015-12-13 20:52:41.916 [main] EvaluatorTestException - Invalid expression, can't end expression with an operator or an opening parenthesis
[INFO ] 2015-12-13 20:52:47.531 [main] EvaluatorTestWithInfixClass - Parameterized String is : (500*1.7/-5.3)+2-0.75/1.45
[INFO ] 2015-12-13 20:52:47.535 [main] EvaluatorTestWithInfixClass - Expected Result : -158.89
[INFO ] 2015-12-13 20:52:47.535 [main] EvaluatorTestWithInfixClass - Actual Result : -158.89
[INFO ] 2015-12-13 20:52:47.536 [main] EvaluatorTestWithInfixClass - Parameterized String is : (-96/7)+(0.99*70)/(1.07*2)
[INFO ] 2015-12-13 20:52:47.537 [main] EvaluatorTestWithInfixClass - Expected Result : 18.67
[INFO ] 2015-12-13 20:52:47.537 [main] EvaluatorTestWithInfixClass - Actual Result : 18.67
[INFO ] 2015-12-13 20:52:47.537 [main] EvaluatorTestWithInfixClass - Parameterized String is : 68+(2+9-18)/1.2*5.3
[INFO ] 2015-12-13 20:52:47.538 [main] EvaluatorTestWithInfixClass - Expected Result : 37.08
[INFO ] 2015-12-13 20:52:47.538 [main] EvaluatorTestWithInfixClass - Actual Result : 37.08
[INFO ] 2015-12-13 20:52:47.539 [main] EvaluatorTestWithInfixClass - Parameterized String is : -99+3+1-2/(-4+0.5)
[INFO ] 2015-12-13 20:52:47.539 [main] EvaluatorTestWithInfixClass - Expected Result : -94.43
[INFO ] 2015-12-13 20:52:47.539 [main] EvaluatorTestWithInfixClass - Actual Result : -94.43
[INFO ] 2015-12-13 20:52:47.540 [main] EvaluatorTestWithInfixClass - Parameterized String is : (100/0.3*0.5+4)*0.75
[INFO ] 2015-12-13 20:52:47.540 [main] EvaluatorTestWithInfixClass - Expected Result : 128.0
[INFO ] 2015-12-13 20:52:47.540 [main] EvaluatorTestWithInfixClass - Actual Result : 128.0
[INFO ] 2015-12-13 20:52:47.541 [main] EvaluatorTestWithInfixClass - Parameterized String is : 30/(50+0.5)*10/-5
[INFO ] 2015-12-13 20:52:47.541 [main] EvaluatorTestWithInfixClass - Expected Result : -1.19
[INFO ] 2015-12-13 20:52:47.541 [main] EvaluatorTestWithInfixClass - Actual Result : -1.19
[INFO ] 2015-12-13 20:52:47.542 [main] EvaluatorTestWithInfixClass - Parameterized String is : (10-20)*2-3*2
[INFO ] 2015-12-13 20:52:47.542 [main] EvaluatorTestWithInfixClass - Expected Result : -26.0
[INFO ] 2015-12-13 20:52:47.542 [main] EvaluatorTestWithInfixClass - Actual Result : -26.0
[INFO ] 2015-12-13 20:52:47.543 [main] EvaluatorTestWithInfixClass - Parameterized String is : (4*2+3-2)/(6/8)
[INFO ] 2015-12-13 20:52:47.543 [main] EvaluatorTestWithInfixClass - Expected Result : 12.0
[INFO ] 2015-12-13 20:52:47.543 [main] EvaluatorTestWithInfixClass - Actual Result : 12.0
[INFO ] 2015-12-13 20:52:47.544 [main] EvaluatorTestWithInfixClass - Parameterized String is : (1+8-5/2)*2+4
[INFO ] 2015-12-13 20:52:47.544 [main] EvaluatorTestWithInfixClass - Expected Result : 17.0
[INFO ] 2015-12-13 20:52:47.544 [main] EvaluatorTestWithInfixClass - Actual Result : 17.0
[INFO ] 2015-12-13 20:52:47.545 [main] EvaluatorTestWithInfixClass - Parameterized String is : 18+2-0.75/(-2*0.5)
[INFO ] 2015-12-13 20:52:47.545 [main] EvaluatorTestWithInfixClass - Expected Result : 20.75
[INFO ] 2015-12-13 20:52:47.545 [main] EvaluatorTestWithInfixClass - Actual Result : 20.75
[INFO ] 2015-12-13 20:52:56.338 [main] EvaluatorTestWithQueue - Parameterized String is : 1+255/3+(1*2)
[INFO ] 2015-12-13 20:52:56.341 [main] EvaluatorTestWithQueue - Expected Result : 88.0
[INFO ] 2015-12-13 20:52:56.342 [main] EvaluatorTestWithQueue - Actual Result : 88.0
[INFO ] 2015-12-13 20:52:56.344 [main] EvaluatorTestWithQueue - Parameterized String is : (360-2.50)/(2*(3-2)+62)
[INFO ] 2015-12-13 20:52:56.344 [main] EvaluatorTestWithQueue - Expected Result : 5.59
[INFO ] 2015-12-13 20:52:56.344 [main] EvaluatorTestWithQueue - Actual Result : 5.59
[INFO ] 2015-12-13 20:52:56.345 [main] EvaluatorTestWithQueue - Parameterized String is : (2*3/1)+2
[INFO ] 2015-12-13 20:52:56.345 [main] EvaluatorTestWithQueue - Expected Result : 8.0
[INFO ] 2015-12-13 20:52:56.346 [main] EvaluatorTestWithQueue - Actual Result : 8.0
[INFO ] 2015-12-13 20:52:56.346 [main] EvaluatorTestWithQueue - Parameterized String is : 1+(2.5-0.75)/70
[INFO ] 2015-12-13 20:52:56.346 [main] EvaluatorTestWithQueue - Expected Result : 1.02
[INFO ] 2015-12-13 20:52:56.347 [main] EvaluatorTestWithQueue - Actual Result : 1.02
[INFO ] 2015-12-13 20:52:56.348 [main] EvaluatorTestWithQueue - Parameterized String is : (-22+4)/9
[INFO ] 2015-12-13 20:52:56.348 [main] EvaluatorTestWithQueue - Expected Result : -2.0
[INFO ] 2015-12-13 20:52:56.348 [main] EvaluatorTestWithQueue - Actual Result : -2.0
[INFO ] 2015-12-13 20:52:56.349 [main] EvaluatorTestWithQueue - Parameterized String is : ((64-7)+(44/4))/2
[INFO ] 2015-12-13 20:52:56.351 [main] EvaluatorTestWithQueue - Expected Result : 34.0
[INFO ] 2015-12-13 20:52:56.351 [main] EvaluatorTestWithQueue - Actual Result : 34.0
[INFO ] 2015-12-13 20:52:56.352 [main] EvaluatorTestWithQueue - Parameterized String is : 3.6+-0.2-4*9
[INFO ] 2015-12-13 20:52:56.352 [main] EvaluatorTestWithQueue - Expected Result : -32.6
[INFO ] 2015-12-13 20:52:56.352 [main] EvaluatorTestWithQueue - Actual Result : -32.6
[INFO ] 2015-12-13 20:52:56.353 [main] EvaluatorTestWithQueue - Parameterized String is : 34*4+((9*10)/2)
[INFO ] 2015-12-13 20:52:56.353 [main] EvaluatorTestWithQueue - Expected Result : 181.0
[INFO ] 2015-12-13 20:52:56.353 [main] EvaluatorTestWithQueue - Actual Result : 181.0
[INFO ] 2015-12-13 20:52:56.354 [main] EvaluatorTestWithQueue - Parameterized String is : (-0.4+-1.5+4)*5
[INFO ] 2015-12-13 20:52:56.354 [main] EvaluatorTestWithQueue - Expected Result : 10.5
[INFO ] 2015-12-13 20:52:56.354 [main] EvaluatorTestWithQueue - Actual Result : 10.5
[INFO ] 2015-12-13 20:52:56.354 [main] EvaluatorTestWithQueue - Parameterized String is : ((74+52)/2)*((9*8)/4)
[INFO ] 2015-12-13 20:52:56.355 [main] EvaluatorTestWithQueue - Expected Result : 1134.0
[INFO ] 2015-12-13 20:52:56.355 [main] EvaluatorTestWithQueue - Actual Result : 1134.0
[INFO ] 2015-12-13 20:52:56.355 [main] EvaluatorTestWithQueue - Parameterized String is : 0.2*0.2+1.01*6
[INFO ] 2015-12-13 20:52:56.356 [main] EvaluatorTestWithQueue - Expected Result : 6.1
[INFO ] 2015-12-13 20:52:56.356 [main] EvaluatorTestWithQueue - Actual Result : 6.1
[INFO ] 2015-12-13 20:52:56.356 [main] EvaluatorTestWithQueue - Parameterized String is : (44/2)*(53/2)
[INFO ] 2015-12-13 20:52:56.357 [main] EvaluatorTestWithQueue - Expected Result : 583.0
[INFO ] 2015-12-13 20:52:56.357 [main] EvaluatorTestWithQueue - Actual Result : 583.0
[INFO ] 2015-12-13 20:52:56.357 [main] EvaluatorTestWithQueue - Parameterized String is : 100*4+-72+63
[INFO ] 2015-12-13 20:52:56.358 [main] EvaluatorTestWithQueue - Expected Result : 391.0
[INFO ] 2015-12-13 20:52:56.358 [main] EvaluatorTestWithQueue - Actual Result : 391.0
[INFO ] 2015-12-13 20:52:56.358 [main] EvaluatorTestWithQueue - Parameterized String is : ((86*1.63)/2)*54
[INFO ] 2015-12-13 20:52:56.359 [main] EvaluatorTestWithQueue - Expected Result : 3784.86
[INFO ] 2015-12-13 20:52:56.359 [main] EvaluatorTestWithQueue - Actual Result : 3784.86
[INFO ] 2015-12-13 20:52:56.359 [main] EvaluatorTestWithQueue - Parameterized String is : (((9+10)))+2
[INFO ] 2015-12-13 20:52:56.359 [main] EvaluatorTestWithQueue - Expected Result : 21.0
[INFO ] 2015-12-13 20:52:56.360 [main] EvaluatorTestWithQueue - Actual Result : 21.0
[INFO ] 2015-12-13 22:40:36.521 [main] EvaluatorTestException - Parameterized String is : 0.2HELLO KEN0.2+1.01*6
[INFO ] 2015-12-13 22:40:36.524 [main] EvaluatorTestException - Invalid expression. Can only be composed of numbers, operators and parentheses
[INFO ] 2015-12-13 22:40:36.527 [main] EvaluatorTestException - Parameterized String is : (44//)*(53/2)
[INFO ] 2015-12-13 22:40:36.528 [main] EvaluatorTestException - Invalid expression, an operator can't proceed another operator or an opening parenthesis
[INFO ] 2015-12-13 22:40:36.528 [main] EvaluatorTestException - Parameterized String is : 100*4(-72)63
[INFO ] 2015-12-13 22:40:36.529 [main] EvaluatorTestException - Invalid expression, an opening parenthesis can't proceed a number or an closing parenthesis
[INFO ] 2015-12-13 22:40:36.529 [main] EvaluatorTestException - Parameterized String is : )(86*1.63)/2)*54
[INFO ] 2015-12-13 22:40:36.529 [main] EvaluatorTestException - Invalid expression, can't start expression with an operator or a closing parenthesis
[INFO ] 2015-12-13 22:40:36.530 [main] EvaluatorTestException - Parameterized String is : (((9+10)))+2/
[INFO ] 2015-12-13 22:40:36.530 [main] EvaluatorTestException - Invalid expression, can't end expression with an operator or an opening parenthesis
[INFO ] 2015-12-13 22:40:42.048 [main] EvaluatorTestWithInfixClass - Parameterized String is : (500*1.7/-5.3)+2-0.75/1.45
[INFO ] 2015-12-13 22:40:42.052 [main] EvaluatorTestWithInfixClass - Expected Result : -158.89
[INFO ] 2015-12-13 22:40:42.052 [main] EvaluatorTestWithInfixClass - Actual Result : -158.89
[INFO ] 2015-12-13 22:40:42.053 [main] EvaluatorTestWithInfixClass - Parameterized String is : (-96/7)+(0.99*70)/(1.07*2)
[INFO ] 2015-12-13 22:40:42.054 [main] EvaluatorTestWithInfixClass - Expected Result : 18.67
[INFO ] 2015-12-13 22:40:42.054 [main] EvaluatorTestWithInfixClass - Actual Result : 18.67
[INFO ] 2015-12-13 22:40:42.055 [main] EvaluatorTestWithInfixClass - Parameterized String is : 68+(2+9-18)/1.2*5.3
[INFO ] 2015-12-13 22:40:42.055 [main] EvaluatorTestWithInfixClass - Expected Result : 37.08
[INFO ] 2015-12-13 22:40:42.056 [main] EvaluatorTestWithInfixClass - Actual Result : 37.08
[INFO ] 2015-12-13 22:40:42.056 [main] EvaluatorTestWithInfixClass - Parameterized String is : -99+3+1-2/(-4+0.5)
[INFO ] 2015-12-13 22:40:42.056 [main] EvaluatorTestWithInfixClass - Expected Result : -94.43
[INFO ] 2015-12-13 22:40:42.057 [main] EvaluatorTestWithInfixClass - Actual Result : -94.43
[INFO ] 2015-12-13 22:40:42.057 [main] EvaluatorTestWithInfixClass - Parameterized String is : (100/0.3*0.5+4)*0.75
[INFO ] 2015-12-13 22:40:42.058 [main] EvaluatorTestWithInfixClass - Expected Result : 128.0
[INFO ] 2015-12-13 22:40:42.058 [main] EvaluatorTestWithInfixClass - Actual Result : 128.0
[INFO ] 2015-12-13 22:40:42.058 [main] EvaluatorTestWithInfixClass - Parameterized String is : 30/(50+0.5)*10/-5
[INFO ] 2015-12-13 22:40:42.060 [main] EvaluatorTestWithInfixClass - Expected Result : -1.19
[INFO ] 2015-12-13 22:40:42.060 [main] EvaluatorTestWithInfixClass - Actual Result : -1.19
[INFO ] 2015-12-13 22:40:42.060 [main] EvaluatorTestWithInfixClass - Parameterized String is : (10-20)*2-3*2
[INFO ] 2015-12-13 22:40:42.061 [main] EvaluatorTestWithInfixClass - Expected Result : -26.0
[INFO ] 2015-12-13 22:40:42.061 [main] EvaluatorTestWithInfixClass - Actual Result : -26.0
[INFO ] 2015-12-13 22:40:42.062 [main] EvaluatorTestWithInfixClass - Parameterized String is : (4*2+3-2)/(6/8)
[INFO ] 2015-12-13 22:40:42.066 [main] EvaluatorTestWithInfixClass - Expected Result : 12.0
[INFO ] 2015-12-13 22:40:42.067 [main] EvaluatorTestWithInfixClass - Actual Result : 12.0
[INFO ] 2015-12-13 22:40:42.067 [main] EvaluatorTestWithInfixClass - Parameterized String is : (1+8-5/2)*2+4
[INFO ] 2015-12-13 22:40:42.068 [main] EvaluatorTestWithInfixClass - Expected Result : 17.0
[INFO ] 2015-12-13 22:40:42.068 [main] EvaluatorTestWithInfixClass - Actual Result : 17.0
[INFO ] 2015-12-13 22:40:42.068 [main] EvaluatorTestWithInfixClass - Parameterized String is : 18+2-0.75/(-2*0.5)
[INFO ] 2015-12-13 22:40:42.069 [main] EvaluatorTestWithInfixClass - Expected Result : 20.75
[INFO ] 2015-12-13 22:40:42.069 [main] EvaluatorTestWithInfixClass - Actual Result : 20.75
[INFO ] 2015-12-13 22:40:47.524 [main] EvaluatorTestWithQueue - Parameterized String is : 1+255/3+(1*2)
[INFO ] 2015-12-13 22:40:47.528 [main] EvaluatorTestWithQueue - Expected Result : 88.0
[INFO ] 2015-12-13 22:40:47.528 [main] EvaluatorTestWithQueue - Actual Result : 88.0
[INFO ] 2015-12-13 22:40:47.529 [main] EvaluatorTestWithQueue - Parameterized String is : (360-2.50)/(2*(3-2)+62)
[INFO ] 2015-12-13 22:40:47.530 [main] EvaluatorTestWithQueue - Expected Result : 5.59
[INFO ] 2015-12-13 22:40:47.530 [main] EvaluatorTestWithQueue - Actual Result : 5.59
[INFO ] 2015-12-13 22:40:47.531 [main] EvaluatorTestWithQueue - Parameterized String is : (2*3/1)+2
[INFO ] 2015-12-13 22:40:47.531 [main] EvaluatorTestWithQueue - Expected Result : 8.0
[INFO ] 2015-12-13 22:40:47.531 [main] EvaluatorTestWithQueue - Actual Result : 8.0
[INFO ] 2015-12-13 22:40:47.531 [main] EvaluatorTestWithQueue - Parameterized String is : 1+(2.5-0.75)/70
[INFO ] 2015-12-13 22:40:47.532 [main] EvaluatorTestWithQueue - Expected Result : 1.02
[INFO ] 2015-12-13 22:40:47.532 [main] EvaluatorTestWithQueue - Actual Result : 1.02
[INFO ] 2015-12-13 22:40:47.532 [main] EvaluatorTestWithQueue - Parameterized String is : (-22+4)/9
[INFO ] 2015-12-13 22:40:47.533 [main] EvaluatorTestWithQueue - Expected Result : -2.0
[INFO ] 2015-12-13 22:40:47.533 [main] EvaluatorTestWithQueue - Actual Result : -2.0
[INFO ] 2015-12-13 22:40:47.533 [main] EvaluatorTestWithQueue - Parameterized String is : ((64-7)+(44/4))/2
[INFO ] 2015-12-13 22:40:47.534 [main] EvaluatorTestWithQueue - Expected Result : 34.0
[INFO ] 2015-12-13 22:40:47.534 [main] EvaluatorTestWithQueue - Actual Result : 34.0
[INFO ] 2015-12-13 22:40:47.534 [main] EvaluatorTestWithQueue - Parameterized String is : 3.6+-0.2-4*9
[INFO ] 2015-12-13 22:40:47.534 [main] EvaluatorTestWithQueue - Expected Result : -32.6
[INFO ] 2015-12-13 22:40:47.534 [main] EvaluatorTestWithQueue - Actual Result : -32.6
[INFO ] 2015-12-13 22:40:47.535 [main] EvaluatorTestWithQueue - Parameterized String is : 34*4+((9*10)/2)
[INFO ] 2015-12-13 22:40:47.535 [main] EvaluatorTestWithQueue - Expected Result : 181.0
[INFO ] 2015-12-13 22:40:47.535 [main] EvaluatorTestWithQueue - Actual Result : 181.0
[INFO ] 2015-12-13 22:40:47.536 [main] EvaluatorTestWithQueue - Parameterized String is : (-0.4+-1.5+4)*5
[INFO ] 2015-12-13 22:40:47.540 [main] EvaluatorTestWithQueue - Expected Result : 10.5
[INFO ] 2015-12-13 22:40:47.540 [main] EvaluatorTestWithQueue - Actual Result : 10.5
[INFO ] 2015-12-13 22:40:47.540 [main] EvaluatorTestWithQueue - Parameterized String is : ((74+52)/2)*((9*8)/4)
[INFO ] 2015-12-13 22:40:47.544 [main] EvaluatorTestWithQueue - Expected Result : 1134.0
[INFO ] 2015-12-13 22:40:47.545 [main] EvaluatorTestWithQueue - Actual Result : 1134.0
[INFO ] 2015-12-13 22:40:47.545 [main] EvaluatorTestWithQueue - Parameterized String is : 0.2*0.2+1.01*6
[INFO ] 2015-12-13 22:40:47.546 [main] EvaluatorTestWithQueue - Expected Result : 6.1
[INFO ] 2015-12-13 22:40:47.546 [main] EvaluatorTestWithQueue - Actual Result : 6.1
[INFO ] 2015-12-13 22:40:47.547 [main] EvaluatorTestWithQueue - Parameterized String is : (44/2)*(53/2)
[INFO ] 2015-12-13 22:40:47.548 [main] EvaluatorTestWithQueue - Expected Result : 583.0
[INFO ] 2015-12-13 22:40:47.548 [main] EvaluatorTestWithQueue - Actual Result : 583.0
[INFO ] 2015-12-13 22:40:47.548 [main] EvaluatorTestWithQueue - Parameterized String is : 100*4+-72+63
[INFO ] 2015-12-13 22:40:47.548 [main] EvaluatorTestWithQueue - Expected Result : 391.0
[INFO ] 2015-12-13 22:40:47.548 [main] EvaluatorTestWithQueue - Actual Result : 391.0
[INFO ] 2015-12-13 22:40:47.549 [main] EvaluatorTestWithQueue - Parameterized String is : ((86*1.63)/2)*54
[INFO ] 2015-12-13 22:40:47.549 [main] EvaluatorTestWithQueue - Expected Result : 3784.86
[INFO ] 2015-12-13 22:40:47.549 [main] EvaluatorTestWithQueue - Actual Result : 3784.86
[INFO ] 2015-12-13 22:40:47.550 [main] EvaluatorTestWithQueue - Parameterized String is : (((9+10)))+2
[INFO ] 2015-12-13 22:40:47.550 [main] EvaluatorTestWithQueue - Expected Result : 21.0
[INFO ] 2015-12-13 22:40:47.550 [main] EvaluatorTestWithQueue - Actual Result : 21.0
[INFO ] 2015-12-13 23:14:34.732 [main] EvaluatorTestWithInfixClass - Parameterized String is : (500*1.7/-5.3)+2-0.75/1.45
[INFO ] 2015-12-13 23:14:34.735 [main] EvaluatorTestWithInfixClass - Expected Result : -158.89
[INFO ] 2015-12-13 23:14:34.735 [main] EvaluatorTestWithInfixClass - Actual Result : -158.89
[INFO ] 2015-12-13 23:14:34.737 [main] EvaluatorTestWithInfixClass - Parameterized String is : (-96/7)+(0.99*70)/(1.07*2)
[INFO ] 2015-12-13 23:14:34.738 [main] EvaluatorTestWithInfixClass - Expected Result : 18.67
[INFO ] 2015-12-13 23:14:34.738 [main] EvaluatorTestWithInfixClass - Actual Result : 18.67
[INFO ] 2015-12-13 23:14:34.738 [main] EvaluatorTestWithInfixClass - Parameterized String is : 68+(2+9-18)/1.2*5.3
[INFO ] 2015-12-13 23:14:34.739 [main] EvaluatorTestWithInfixClass - Expected Result : 37.08
[INFO ] 2015-12-13 23:14:34.739 [main] EvaluatorTestWithInfixClass - Actual Result : 37.08
[INFO ] 2015-12-13 23:14:34.739 [main] EvaluatorTestWithInfixClass - Parameterized String is : -99+3+1-2/(-4+0.5)
[INFO ] 2015-12-13 23:14:34.740 [main] EvaluatorTestWithInfixClass - Expected Result : -94.43
[INFO ] 2015-12-13 23:14:34.740 [main] EvaluatorTestWithInfixClass - Actual Result : -94.43
[INFO ] 2015-12-13 23:14:34.740 [main] EvaluatorTestWithInfixClass - Parameterized String is : (100/0.3*0.5+4)*0.75
[INFO ] 2015-12-13 23:14:34.741 [main] EvaluatorTestWithInfixClass - Expected Result : 128.0
[INFO ] 2015-12-13 23:14:34.741 [main] EvaluatorTestWithInfixClass - Actual Result : 128.0
[INFO ] 2015-12-13 23:14:34.741 [main] EvaluatorTestWithInfixClass - Parameterized String is : 30/(50+0.5)*10/-5
[INFO ] 2015-12-13 23:14:34.742 [main] EvaluatorTestWithInfixClass - Expected Result : -1.19
[INFO ] 2015-12-13 23:14:34.742 [main] EvaluatorTestWithInfixClass - Actual Result : -1.19
[INFO ] 2015-12-13 23:14:34.742 [main] EvaluatorTestWithInfixClass - Parameterized String is : (10-20)*2-3*2
[INFO ] 2015-12-13 23:14:34.743 [main] EvaluatorTestWithInfixClass - Expected Result : -26.0
[INFO ] 2015-12-13 23:14:34.743 [main] EvaluatorTestWithInfixClass - Actual Result : -26.0
[INFO ] 2015-12-13 23:14:34.743 [main] EvaluatorTestWithInfixClass - Parameterized String is : (4*2+3-2)/(6/8)
[INFO ] 2015-12-13 23:14:34.744 [main] EvaluatorTestWithInfixClass - Expected Result : 12.0
[INFO ] 2015-12-13 23:14:34.744 [main] EvaluatorTestWithInfixClass - Actual Result : 12.0
[INFO ] 2015-12-13 23:14:34.744 [main] EvaluatorTestWithInfixClass - Parameterized String is : (1+8-5/2)*2+4
[INFO ] 2015-12-13 23:14:34.745 [main] EvaluatorTestWithInfixClass - Expected Result : 17.0
[INFO ] 2015-12-13 23:14:34.745 [main] EvaluatorTestWithInfixClass - Actual Result : 17.0
[INFO ] 2015-12-13 23:14:34.745 [main] EvaluatorTestWithInfixClass - Parameterized String is : 18+2-0.75/(-2*0.5)
[INFO ] 2015-12-13 23:14:34.746 [main] EvaluatorTestWithInfixClass - Expected Result : 20.75
[INFO ] 2015-12-13 23:14:34.746 [main] EvaluatorTestWithInfixClass - Actual Result : 20.75
[INFO ] 2015-12-13 23:14:41.028 [main] EvaluatorTestWithQueue - Parameterized String is : 1+255/3+(1*2)
[INFO ] 2015-12-13 23:14:41.031 [main] EvaluatorTestWithQueue - Expected Result : 88.0
[INFO ] 2015-12-13 23:14:41.031 [main] EvaluatorTestWithQueue - Actual Result : 88.0
[INFO ] 2015-12-13 23:14:41.033 [main] EvaluatorTestWithQueue - Parameterized String is : (360-2.50)/(2*(3-2)+62)
[INFO ] 2015-12-13 23:14:41.034 [main] EvaluatorTestWithQueue - Expected Result : 5.59
[INFO ] 2015-12-13 23:14:41.034 [main] EvaluatorTestWithQueue - Actual Result : 5.59
[INFO ] 2015-12-13 23:14:41.034 [main] EvaluatorTestWithQueue - Parameterized String is : (2*3/1)+2
[INFO ] 2015-12-13 23:14:41.034 [main] EvaluatorTestWithQueue - Expected Result : 8.0
[INFO ] 2015-12-13 23:14:41.034 [main] EvaluatorTestWithQueue - Actual Result : 8.0
[INFO ] 2015-12-13 23:14:41.035 [main] EvaluatorTestWithQueue - Parameterized String is : 1+(2.5-0.75)/70
[INFO ] 2015-12-13 23:14:41.035 [main] EvaluatorTestWithQueue - Expected Result : 1.02
[INFO ] 2015-12-13 23:14:41.036 [main] EvaluatorTestWithQueue - Actual Result : 1.02
[INFO ] 2015-12-13 23:14:41.036 [main] EvaluatorTestWithQueue - Parameterized String is : (-22+4)/9
[INFO ] 2015-12-13 23:14:41.036 [main] EvaluatorTestWithQueue - Expected Result : -2.0
[INFO ] 2015-12-13 23:14:41.036 [main] EvaluatorTestWithQueue - Actual Result : -2.0
[INFO ] 2015-12-13 23:14:41.037 [main] EvaluatorTestWithQueue - Parameterized String is : ((64-7)+(44/4))/2
[INFO ] 2015-12-13 23:14:41.037 [main] EvaluatorTestWithQueue - Expected Result : 34.0
[INFO ] 2015-12-13 23:14:41.037 [main] EvaluatorTestWithQueue - Actual Result : 34.0
[INFO ] 2015-12-13 23:14:41.038 [main] EvaluatorTestWithQueue - Parameterized String is : 3.6+-0.2-4*9
[INFO ] 2015-12-13 23:14:41.038 [main] EvaluatorTestWithQueue - Expected Result : -32.6
[INFO ] 2015-12-13 23:14:41.038 [main] EvaluatorTestWithQueue - Actual Result : -32.6
[INFO ] 2015-12-13 23:14:41.038 [main] EvaluatorTestWithQueue - Parameterized String is : 34*4+((9*10)/2)
[INFO ] 2015-12-13 23:14:41.040 [main] EvaluatorTestWithQueue - Expected Result : 181.0
[INFO ] 2015-12-13 23:14:41.040 [main] EvaluatorTestWithQueue - Actual Result : 181.0
[INFO ] 2015-12-13 23:14:41.040 [main] EvaluatorTestWithQueue - Parameterized String is : (-0.4+-1.5+4)*5
[INFO ] 2015-12-13 23:14:41.040 [main] EvaluatorTestWithQueue - Expected Result : 10.5
[INFO ] 2015-12-13 23:14:41.041 [main] EvaluatorTestWithQueue - Actual Result : 10.5
[INFO ] 2015-12-13 23:14:41.041 [main] EvaluatorTestWithQueue - Parameterized String is : ((74+52)/2)*((9*8)/4)
[INFO ] 2015-12-13 23:14:41.042 [main] EvaluatorTestWithQueue - Expected Result : 1134.0
[INFO ] 2015-12-13 23:14:41.042 [main] EvaluatorTestWithQueue - Actual Result : 1134.0
[INFO ] 2015-12-13 23:14:41.042 [main] EvaluatorTestWithQueue - Parameterized String is : 0.2*0.2+1.01*6
[INFO ] 2015-12-13 23:14:41.043 [main] EvaluatorTestWithQueue - Expected Result : 6.1
[INFO ] 2015-12-13 23:14:41.043 [main] EvaluatorTestWithQueue - Actual Result : 6.1
[INFO ] 2015-12-13 23:14:41.043 [main] EvaluatorTestWithQueue - Parameterized String is : (44/2)*(53/2)
[INFO ] 2015-12-13 23:14:41.043 [main] EvaluatorTestWithQueue - Expected Result : 583.0
[INFO ] 2015-12-13 23:14:41.044 [main] EvaluatorTestWithQueue - Actual Result : 583.0
[INFO ] 2015-12-13 23:14:41.044 [main] EvaluatorTestWithQueue - Parameterized String is : 100*4+-72+63
[INFO ] 2015-12-13 23:14:41.044 [main] EvaluatorTestWithQueue - Expected Result : 391.0
[INFO ] 2015-12-13 23:14:41.044 [main] EvaluatorTestWithQueue - Actual Result : 391.0
[INFO ] 2015-12-13 23:14:41.046 [main] EvaluatorTestWithQueue - Parameterized String is : ((86*1.63)/2)*54
[INFO ] 2015-12-13 23:14:41.050 [main] EvaluatorTestWithQueue - Expected Result : 3784.86
[INFO ] 2015-12-13 23:14:41.050 [main] EvaluatorTestWithQueue - Actual Result : 3784.86
[INFO ] 2015-12-13 23:14:41.050 [main] EvaluatorTestWithQueue - Parameterized String is : (((9+10)))+2
[INFO ] 2015-12-13 23:14:41.051 [main] EvaluatorTestWithQueue - Expected Result : 21.0
[INFO ] 2015-12-13 23:14:41.052 [main] EvaluatorTestWithQueue - Actual Result : 21.0
[INFO ] 2015-12-15 16:17:56.101 [main] EvaluatorTestWithQueue - Parameterized String is : 1+255/3+(1*2)
[INFO ] 2015-12-15 16:17:56.130 [main] EvaluatorTestWithQueue - Expected Result : 88.0
[INFO ] 2015-12-15 16:17:56.130 [main] EvaluatorTestWithQueue - Actual Result : 88.0
[INFO ] 2015-12-15 16:17:56.132 [main] EvaluatorTestWithQueue - Parameterized String is : (360-2.50)/(2*(3-2)+62)
[INFO ] 2015-12-15 16:17:56.132 [main] EvaluatorTestWithQueue - Expected Result : 5.59
[INFO ] 2015-12-15 16:17:56.132 [main] EvaluatorTestWithQueue - Actual Result : 5.59
[INFO ] 2015-12-15 16:17:56.133 [main] EvaluatorTestWithQueue - Parameterized String is : (2*3/1)+2
[INFO ] 2015-12-15 16:17:56.133 [main] EvaluatorTestWithQueue - Expected Result : 8.0
[INFO ] 2015-12-15 16:17:56.133 [main] EvaluatorTestWithQueue - Actual Result : 8.0
[INFO ] 2015-12-15 16:17:56.134 [main] EvaluatorTestWithQueue - Parameterized String is : 1+(2.5-0.75)/70
[INFO ] 2015-12-15 16:17:56.134 [main] EvaluatorTestWithQueue - Expected Result : 1.02
[INFO ] 2015-12-15 16:17:56.134 [main] EvaluatorTestWithQueue - Actual Result : 1.02
[INFO ] 2015-12-15 16:17:56.134 [main] EvaluatorTestWithQueue - Parameterized String is : (-22+4)/9
[INFO ] 2015-12-15 16:17:56.135 [main] EvaluatorTestWithQueue - Expected Result : -2.0
[INFO ] 2015-12-15 16:17:56.135 [main] EvaluatorTestWithQueue - Actual Result : -2.0
[INFO ] 2015-12-15 16:17:56.135 [main] EvaluatorTestWithQueue - Parameterized String is : ((64-7)+(44/4))/2
[INFO ] 2015-12-15 16:17:56.136 [main] EvaluatorTestWithQueue - Expected Result : 34.0
[INFO ] 2015-12-15 16:17:56.136 [main] EvaluatorTestWithQueue - Actual Result : 34.0
[INFO ] 2015-12-15 16:17:56.136 [main] EvaluatorTestWithQueue - Parameterized String is : 3.6+-0.2-4*9
[INFO ] 2015-12-15 16:17:56.136 [main] EvaluatorTestWithQueue - Expected Result : -32.6
[INFO ] 2015-12-15 16:17:56.136 [main] EvaluatorTestWithQueue - Actual Result : -32.6
[INFO ] 2015-12-15 16:17:56.137 [main] EvaluatorTestWithQueue - Parameterized String is : 34*4+((9*10)/2)
[INFO ] 2015-12-15 16:17:56.137 [main] EvaluatorTestWithQueue - Expected Result : 181.0
[INFO ] 2015-12-15 16:17:56.137 [main] EvaluatorTestWithQueue - Actual Result : 181.0
[INFO ] 2015-12-15 16:17:56.138 [main] EvaluatorTestWithQueue - Parameterized String is : (-0.4+-1.5+4)*5
[INFO ] 2015-12-15 16:17:56.139 [main] EvaluatorTestWithQueue - Expected Result : 10.5
[INFO ] 2015-12-15 16:17:56.139 [main] EvaluatorTestWithQueue - Actual Result : 10.5
[INFO ] 2015-12-15 16:17:56.140 [main] EvaluatorTestWithQueue - Parameterized String is : ((74+52)/2)*((9*8)/4)
[INFO ] 2015-12-15 16:17:56.140 [main] EvaluatorTestWithQueue - Expected Result : 1134.0
[INFO ] 2015-12-15 16:17:56.141 [main] EvaluatorTestWithQueue - Actual Result : 1134.0
[INFO ] 2015-12-15 16:17:56.141 [main] EvaluatorTestWithQueue - Parameterized String is : 0.2*0.2+1.01*6
[INFO ] 2015-12-15 16:17:56.142 [main] EvaluatorTestWithQueue - Expected Result : 6.1
[INFO ] 2015-12-15 16:17:56.142 [main] EvaluatorTestWithQueue - Actual Result : 6.1
[INFO ] 2015-12-15 16:17:56.142 [main] EvaluatorTestWithQueue - Parameterized String is : (44/2)*(53/2)
[INFO ] 2015-12-15 16:17:56.143 [main] EvaluatorTestWithQueue - Expected Result : 583.0
[INFO ] 2015-12-15 16:17:56.143 [main] EvaluatorTestWithQueue - Actual Result : 583.0
[INFO ] 2015-12-15 16:17:56.143 [main] EvaluatorTestWithQueue - Parameterized String is : 100*4+-72+63
[INFO ] 2015-12-15 16:17:56.143 [main] EvaluatorTestWithQueue - Expected Result : 391.0
[INFO ] 2015-12-15 16:17:56.143 [main] EvaluatorTestWithQueue - Actual Result : 391.0
[INFO ] 2015-12-15 16:17:56.144 [main] EvaluatorTestWithQueue - Parameterized String is : ((86*1.63)/2)*54
[INFO ] 2015-12-15 16:17:56.144 [main] EvaluatorTestWithQueue - Expected Result : 3784.86
[INFO ] 2015-12-15 16:17:56.144 [main] EvaluatorTestWithQueue - Actual Result : 3784.86
[INFO ] 2015-12-15 16:17:56.145 [main] EvaluatorTestWithQueue - Parameterized String is : (((9+10)))+2
[INFO ] 2015-12-15 16:17:56.145 [main] EvaluatorTestWithQueue - Expected Result : 21.0
[INFO ] 2015-12-15 16:17:56.145 [main] EvaluatorTestWithQueue - Actual Result : 21.0
[INFO ] 2015-12-15 16:18:16.085 [main] EvaluatorTestException - Parameterized String is : 0.2HELLO KEN0.2+1.01*6
[INFO ] 2015-12-15 16:18:16.088 [main] EvaluatorTestException - Invalid expression. Can only be composed of numbers, operators and parentheses
[INFO ] 2015-12-15 16:18:16.089 [main] EvaluatorTestException - Parameterized String is : (44//)*(53/2)
[INFO ] 2015-12-15 16:18:16.090 [main] EvaluatorTestException - Invalid expression, an operator can't proceed another operator or an opening parenthesis
[INFO ] 2015-12-15 16:18:16.090 [main] EvaluatorTestException - Parameterized String is : 100*4(-72)63
[INFO ] 2015-12-15 16:18:16.090 [main] EvaluatorTestException - Invalid expression, an opening parenthesis can't proceed a number or an closing parenthesis
[INFO ] 2015-12-15 16:18:16.091 [main] EvaluatorTestException - Parameterized String is : )(86*1.63)/2)*54
[INFO ] 2015-12-15 16:18:16.091 [main] EvaluatorTestException - Invalid expression, can't start expression with an operator or a closing parenthesis
[INFO ] 2015-12-15 16:18:16.091 [main] EvaluatorTestException - Parameterized String is : (((9+10)))+2/
[INFO ] 2015-12-15 16:18:16.092 [main] EvaluatorTestException - Invalid expression, can't end expression with an operator or an opening parenthesis
[INFO ] 2015-12-15 16:18:16.092 [main] EvaluatorTestException - Parameterized String is : (-22+4)/0
[INFO ] 2015-12-15 16:18:16.092 [main] EvaluatorTestException - Can not divide by 0
[INFO ] 2015-12-15 16:50:31.856 [main] EvaluatorTestWithInfixClass - Parameterized String is : (500*1.7/-5.3)+2-0.75/1.45
[INFO ] 2015-12-15 16:50:31.859 [main] EvaluatorTestWithInfixClass - THE POSTFIX EXPRESSION: 5001.7*-5.3/2+0.751.45/-
[INFO ] 2015-12-15 16:50:31.860 [main] EvaluatorTestWithInfixClass - Expected Result : -158.89
[INFO ] 2015-12-15 16:50:31.860 [main] EvaluatorTestWithInfixClass - Actual Result : -158.89
[INFO ] 2015-12-15 16:50:31.862 [main] EvaluatorTestWithInfixClass - Parameterized String is : (-96/7)+(0.99*70)/(1.07*2)
[INFO ] 2015-12-15 16:50:31.862 [main] EvaluatorTestWithInfixClass - THE POSTFIX EXPRESSION: -967/0.9970*1.072*/+
[INFO ] 2015-12-15 16:50:31.863 [main] EvaluatorTestWithInfixClass - Expected Result : 18.67
[INFO ] 2015-12-15 16:50:31.863 [main] EvaluatorTestWithInfixClass - Actual Result : 18.67
[INFO ] 2015-12-15 16:50:31.863 [main] EvaluatorTestWithInfixClass - Parameterized String is : 68+(2+9-18)/1.2*5.3
[INFO ] 2015-12-15 16:50:31.864 [main] EvaluatorTestWithInfixClass - THE POSTFIX EXPRESSION: 6829+18-1.2/5.3*+
[INFO ] 2015-12-15 16:50:31.864 [main] EvaluatorTestWithInfixClass - Expected Result : 37.08
[INFO ] 2015-12-15 16:50:31.864 [main] EvaluatorTestWithInfixClass - Actual Result : 37.08
[INFO ] 2015-12-15 16:50:31.865 [main] EvaluatorTestWithInfixClass - Parameterized String is : -99+3+1-2/(-4+0.5)
[INFO ] 2015-12-15 16:50:31.865 [main] EvaluatorTestWithInfixClass - THE POSTFIX EXPRESSION: -993+1+2-40.5+/-
[INFO ] 2015-12-15 16:50:31.865 [main] EvaluatorTestWithInfixClass - Expected Result : -94.43
[INFO ] 2015-12-15 16:50:31.866 [main] EvaluatorTestWithInfixClass - Actual Result : -94.43
[INFO ] 2015-12-15 16:50:31.866 [main] EvaluatorTestWithInfixClass - Parameterized String is : (100/0.3*0.5+4)*0.75
[INFO ] 2015-12-15 16:50:31.866 [main] EvaluatorTestWithInfixClass - THE POSTFIX EXPRESSION: 1000.3/0.5*4+0.75*
[INFO ] 2015-12-15 16:50:31.867 [main] EvaluatorTestWithInfixClass - Expected Result : 128.0
[INFO ] 2015-12-15 16:50:31.867 [main] EvaluatorTestWithInfixClass - Actual Result : 128.0
[INFO ] 2015-12-15 16:50:31.867 [main] EvaluatorTestWithInfixClass - Parameterized String is : 30/(50+0.5)*10/-5
[INFO ] 2015-12-15 16:50:31.868 [main] EvaluatorTestWithInfixClass - THE POSTFIX EXPRESSION: 30500.5+/10*-5/
[INFO ] 2015-12-15 16:50:31.868 [main] EvaluatorTestWithInfixClass - Expected Result : -1.19
[INFO ] 2015-12-15 16:50:31.868 [main] EvaluatorTestWithInfixClass - Actual Result : -1.19
[INFO ] 2015-12-15 16:50:31.869 [main] EvaluatorTestWithInfixClass - Parameterized String is : (10-20)*2-3*2
[INFO ] 2015-12-15 16:50:31.869 [main] EvaluatorTestWithInfixClass - THE POSTFIX EXPRESSION: 1020-2*32*-
[INFO ] 2015-12-15 16:50:31.869 [main] EvaluatorTestWithInfixClass - Expected Result : -26.0
[INFO ] 2015-12-15 16:50:31.869 [main] EvaluatorTestWithInfixClass - Actual Result : -26.0
[INFO ] 2015-12-15 16:50:31.870 [main] EvaluatorTestWithInfixClass - Parameterized String is : (4*2+3-2)/(6/8)
[INFO ] 2015-12-15 16:50:31.870 [main] EvaluatorTestWithInfixClass - THE POSTFIX EXPRESSION: 42*3+2-68//
[INFO ] 2015-12-15 16:50:31.870 [main] EvaluatorTestWithInfixClass - Expected Result : 12.0
[INFO ] 2015-12-15 16:50:31.870 [main] EvaluatorTestWithInfixClass - Actual Result : 12.0
[INFO ] 2015-12-15 16:50:31.871 [main] EvaluatorTestWithInfixClass - Parameterized String is : (1+8-5/2)*2+4
[INFO ] 2015-12-15 16:50:31.871 [main] EvaluatorTestWithInfixClass - THE POSTFIX EXPRESSION: 18+52/-2*4+
[INFO ] 2015-12-15 16:50:31.871 [main] EvaluatorTestWithInfixClass - Expected Result : 17.0
[INFO ] 2015-12-15 16:50:31.871 [main] EvaluatorTestWithInfixClass - Actual Result : 17.0
[INFO ] 2015-12-15 16:50:31.872 [main] EvaluatorTestWithInfixClass - Parameterized String is : 18+2-0.75/(-2*0.5)
[INFO ] 2015-12-15 16:50:31.872 [main] EvaluatorTestWithInfixClass - THE POSTFIX EXPRESSION: 182+0.75-20.5*/-
[INFO ] 2015-12-15 16:50:31.873 [main] EvaluatorTestWithInfixClass - Expected Result : 20.75
[INFO ] 2015-12-15 16:50:31.873 [main] EvaluatorTestWithInfixClass - Actual Result : 20.75
[INFO ] 2015-12-15 16:56:13.451 [main] EvaluatorTestWithInfixClass - Parameterized String is : (500*1.7/-5.3)+2-0.75/1.45
[INFO ] 2015-12-15 16:56:13.455 [main] EvaluatorTestWithInfixClass - Expected Postfix : 5001.7*-5.3/2+0.751.45/-
[INFO ] 2015-12-15 16:56:13.455 [main] EvaluatorTestWithInfixClass - Actual Postfix : 5001.7*-5.3/2+0.751.45/-
[INFO ] 2015-12-15 16:56:13.457 [main] EvaluatorTestWithInfixClass - Parameterized String is : (500*1.7/-5.3)+2-0.75/1.45
[INFO ] 2015-12-15 16:56:13.458 [main] EvaluatorTestWithInfixClass - Expected Result : -158.89
[INFO ] 2015-12-15 16:56:13.458 [main] EvaluatorTestWithInfixClass - Actual Result : -158.89
[INFO ] 2015-12-15 16:56:13.458 [main] EvaluatorTestWithInfixClass - Parameterized String is : (-96/7)+(0.99*70)/(1.07*2)
[INFO ] 2015-12-15 16:56:13.459 [main] EvaluatorTestWithInfixClass - Expected Postfix : -967/0.9970*1.072*/+
[INFO ] 2015-12-15 16:56:13.459 [main] EvaluatorTestWithInfixClass - Actual Postfix : -967/0.9970*1.072*/+
[INFO ] 2015-12-15 16:56:13.459 [main] EvaluatorTestWithInfixClass - Parameterized String is : (-96/7)+(0.99*70)/(1.07*2)
[INFO ] 2015-12-15 16:56:13.460 [main] EvaluatorTestWithInfixClass - Expected Result : 18.67
[INFO ] 2015-12-15 16:56:13.460 [main] EvaluatorTestWithInfixClass - Actual Result : 18.67
[INFO ] 2015-12-15 16:56:13.460 [main] EvaluatorTestWithInfixClass - Parameterized String is : 68+(2+9-18)/1.2*5.3
[INFO ] 2015-12-15 16:56:13.461 [main] EvaluatorTestWithInfixClass - Expected Postfix : 6829+18-1.2/5.3*+
[INFO ] 2015-12-15 16:56:13.461 [main] EvaluatorTestWithInfixClass - Actual Postfix : 6829+18-1.2/5.3*+
[INFO ] 2015-12-15 16:56:13.461 [main] EvaluatorTestWithInfixClass - Parameterized String is : 68+(2+9-18)/1.2*5.3
[INFO ] 2015-12-15 16:56:13.463 [main] EvaluatorTestWithInfixClass - Expected Result : 37.08
[INFO ] 2015-12-15 16:56:13.464 [main] EvaluatorTestWithInfixClass - Actual Result : 37.08
[INFO ] 2015-12-15 16:56:13.468 [main] EvaluatorTestWithInfixClass - Parameterized String is : -99+3+1-2/(-4+0.5)
[INFO ] 2015-12-15 16:56:13.469 [main] EvaluatorTestWithInfixClass - Expected Postfix : -993+1+2-40.5+/-
[INFO ] 2015-12-15 16:56:13.469 [main] EvaluatorTestWithInfixClass - Actual Postfix : -993+1+2-40.5+/-
[INFO ] 2015-12-15 16:56:13.469 [main] EvaluatorTestWithInfixClass - Parameterized String is : -99+3+1-2/(-4+0.5)
[INFO ] 2015-12-15 16:56:13.470 [main] EvaluatorTestWithInfixClass - Expected Result : -94.43
[INFO ] 2015-12-15 16:56:13.470 [main] EvaluatorTestWithInfixClass - Actual Result : -94.43
[INFO ] 2015-12-15 16:56:13.470 [main] EvaluatorTestWithInfixClass - Parameterized String is : (100/0.3*0.5+4)*0.75
[INFO ] 2015-12-15 16:56:13.471 [main] EvaluatorTestWithInfixClass - Expected Postfix : 1000.3/0.5*4+0.75*
[INFO ] 2015-12-15 16:56:13.471 [main] EvaluatorTestWithInfixClass - Actual Postfix : 1000.3/0.5*4+0.75*
[INFO ] 2015-12-15 16:56:13.471 [main] EvaluatorTestWithInfixClass - Parameterized String is : (100/0.3*0.5+4)*0.75
[INFO ] 2015-12-15 16:56:13.472 [main] EvaluatorTestWithInfixClass - Expected Result : 128.0
[INFO ] 2015-12-15 16:56:13.472 [main] EvaluatorTestWithInfixClass - Actual Result : 128.0
[INFO ] 2015-12-15 16:56:13.473 [main] EvaluatorTestWithInfixClass - Parameterized String is : 30/(50+0.5)*10/-5
[INFO ] 2015-12-15 16:56:13.477 [main] EvaluatorTestWithInfixClass - Expected Postfix : 30500.5+/10*-5/
[INFO ] 2015-12-15 16:56:13.477 [main] EvaluatorTestWithInfixClass - Actual Postfix : 30500.5+/10*-5/
[INFO ] 2015-12-15 16:56:13.477 [main] EvaluatorTestWithInfixClass - Parameterized String is : 30/(50+0.5)*10/-5
[INFO ] 2015-12-15 16:56:13.478 [main] EvaluatorTestWithInfixClass - Expected Result : -1.19
[INFO ] 2015-12-15 16:56:13.478 [main] EvaluatorTestWithInfixClass - Actual Result : -1.19
[INFO ] 2015-12-15 16:56:13.478 [main] EvaluatorTestWithInfixClass - Parameterized String is : (10-20)*2-3*2
[INFO ] 2015-12-15 16:56:13.479 [main] EvaluatorTestWithInfixClass - Expected Postfix : 1020-2*32*-
[INFO ] 2015-12-15 16:56:13.479 [main] EvaluatorTestWithInfixClass - Actual Postfix : 1020-2*32*-
[INFO ] 2015-12-15 16:56:13.479 [main] EvaluatorTestWithInfixClass - Parameterized String is : (10-20)*2-3*2
[INFO ] 2015-12-15 16:56:13.479 [main] EvaluatorTestWithInfixClass - Expected Result : -26.0
[INFO ] 2015-12-15 16:56:13.480 [main] EvaluatorTestWithInfixClass - Actual Result : -26.0
[INFO ] 2015-12-15 16:56:13.480 [main] EvaluatorTestWithInfixClass - Parameterized String is : (4*2+3-2)/(6/8)
[INFO ] 2015-12-15 16:56:13.480 [main] EvaluatorTestWithInfixClass - Expected Postfix : 42*3+2-68//
[INFO ] 2015-12-15 16:56:13.480 [main] EvaluatorTestWithInfixClass - Actual Postfix : 42*3+2-68//
[INFO ] 2015-12-15 16:56:13.481 [main] EvaluatorTestWithInfixClass - Parameterized String is : (4*2+3-2)/(6/8)
[INFO ] 2015-12-15 16:56:13.482 [main] EvaluatorTestWithInfixClass - Expected Result : 12.0
[INFO ] 2015-12-15 16:56:13.482 [main] EvaluatorTestWithInfixClass - Actual Result : 12.0
[INFO ] 2015-12-15 16:56:13.482 [main] EvaluatorTestWithInfixClass - Parameterized String is : (1+8-5/2)*2+4
[INFO ] 2015-12-15 16:56:13.483 [main] EvaluatorTestWithInfixClass - Expected Postfix : 18+52/-2*4+
[INFO ] 2015-12-15 16:56:13.483 [main] EvaluatorTestWithInfixClass - Actual Postfix : 18+52/-2*4+
[INFO ] 2015-12-15 16:56:13.483 [main] EvaluatorTestWithInfixClass - Parameterized String is : (1+8-5/2)*2+4
[INFO ] 2015-12-15 16:56:13.483 [main] EvaluatorTestWithInfixClass - Expected Result : 17.0
[INFO ] 2015-12-15 16:56:13.484 [main] EvaluatorTestWithInfixClass - Actual Result : 17.0
[INFO ] 2015-12-15 16:56:13.484 [main] EvaluatorTestWithInfixClass - Parameterized String is : 18+2-0.75/(-2*0.5)
[INFO ] 2015-12-15 16:56:13.487 [main] EvaluatorTestWithInfixClass - Expected Postfix : 182+0.75-20.5*/-
[INFO ] 2015-12-15 16:56:13.487 [main] EvaluatorTestWithInfixClass - Actual Postfix : 182+0.75-20.5*/-
[INFO ] 2015-12-15 16:56:13.488 [main] EvaluatorTestWithInfixClass - Parameterized String is : 18+2-0.75/(-2*0.5)
[INFO ] 2015-12-15 16:56:13.488 [main] EvaluatorTestWithInfixClass - Expected Result : 20.75
[INFO ] 2015-12-15 16:56:13.488 [main] EvaluatorTestWithInfixClass - Actual Result : 20.75
[INFO ] 2015-12-15 17:00:17.878 [main] EvaluatorTestWithQueue - Parameterized String is : 1+255/3+(1*2)
[INFO ] 2015-12-15 17:00:17.881 [main] EvaluatorTestWithQueue - POSTFIX EXPRESSION: 12553/+12*+
[INFO ] 2015-12-15 17:00:17.882 [main] EvaluatorTestWithQueue - Expected Result : 88.0
[INFO ] 2015-12-15 17:00:17.882 [main] EvaluatorTestWithQueue - Actual Result : 88.0
[INFO ] 2015-12-15 17:00:17.883 [main] EvaluatorTestWithQueue - Parameterized String is : (360-2.50)/(2*(3-2)+62)
[INFO ] 2015-12-15 17:00:17.884 [main] EvaluatorTestWithQueue - POSTFIX EXPRESSION: 3602.50-232-*62+/
[INFO ] 2015-12-15 17:00:17.884 [main] EvaluatorTestWithQueue - Expected Result : 5.59
[INFO ] 2015-12-15 17:00:17.884 [main] EvaluatorTestWithQueue - Actual Result : 5.59
[INFO ] 2015-12-15 17:00:17.885 [main] EvaluatorTestWithQueue - Parameterized String is : (2*3/1)+2
[INFO ] 2015-12-15 17:00:17.885 [main] EvaluatorTestWithQueue - POSTFIX EXPRESSION: 23*1/2+
[INFO ] 2015-12-15 17:00:17.885 [main] EvaluatorTestWithQueue - Expected Result : 8.0
[INFO ] 2015-12-15 17:00:17.886 [main] EvaluatorTestWithQueue - Actual Result : 8.0
[INFO ] 2015-12-15 17:00:17.886 [main] EvaluatorTestWithQueue - Parameterized String is : 1+(2.5-0.75)/70
[INFO ] 2015-12-15 17:00:17.886 [main] EvaluatorTestWithQueue - POSTFIX EXPRESSION: 12.50.75-70/+
[INFO ] 2015-12-15 17:00:17.887 [main] EvaluatorTestWithQueue - Expected Result : 1.02
[INFO ] 2015-12-15 17:00:17.887 [main] EvaluatorTestWithQueue - Actual Result : 1.02
[INFO ] 2015-12-15 17:00:17.888 [main] EvaluatorTestWithQueue - Parameterized String is : (-22+4)/9
[INFO ] 2015-12-15 17:00:17.889 [main] EvaluatorTestWithQueue - POSTFIX EXPRESSION: -224+9/
[INFO ] 2015-12-15 17:00:17.889 [main] EvaluatorTestWithQueue - Expected Result : -2.0
[INFO ] 2015-12-15 17:00:17.889 [main] EvaluatorTestWithQueue - Actual Result : -2.0
[INFO ] 2015-12-15 17:00:17.890 [main] EvaluatorTestWithQueue - Parameterized String is : ((64-7)+(44/4))/2
[INFO ] 2015-12-15 17:00:17.891 [main] EvaluatorTestWithQueue - POSTFIX EXPRESSION: 647-444/+2/
[INFO ] 2015-12-15 17:00:17.891 [main] EvaluatorTestWithQueue - Expected Result : 34.0
[INFO ] 2015-12-15 17:00:17.891 [main] EvaluatorTestWithQueue - Actual Result : 34.0
[INFO ] 2015-12-15 17:00:17.891 [main] EvaluatorTestWithQueue - Parameterized String is : 3.6+-0.2-4*9
[INFO ] 2015-12-15 17:00:17.892 [main] EvaluatorTestWithQueue - POSTFIX EXPRESSION: 3.6-0.2+49*-
[INFO ] 2015-12-15 17:00:17.892 [main] EvaluatorTestWithQueue - Expected Result : -32.6
[INFO ] 2015-12-15 17:00:17.892 [main] EvaluatorTestWithQueue - Actual Result : -32.6
[INFO ] 2015-12-15 17:00:17.893 [main] EvaluatorTestWithQueue - Parameterized String is : 34*4+((9*10)/2)
[INFO ] 2015-12-15 17:00:17.893 [main] EvaluatorTestWithQueue - POSTFIX EXPRESSION: 344*910*2/+
[INFO ] 2015-12-15 17:00:17.893 [main] EvaluatorTestWithQueue - Expected Result : 181.0
[INFO ] 2015-12-15 17:00:17.894 [main] EvaluatorTestWithQueue - Actual Result : 181.0
[INFO ] 2015-12-15 17:00:17.895 [main] EvaluatorTestWithQueue - Parameterized String is : (-0.4+-1.5+4)*5
[INFO ] 2015-12-15 17:00:17.895 [main] EvaluatorTestWithQueue - POSTFIX EXPRESSION: -0.4-1.5+4+5*
[INFO ] 2015-12-15 17:00:17.896 [main] EvaluatorTestWithQueue - Expected Result : 10.5
[INFO ] 2015-12-15 17:00:17.896 [main] EvaluatorTestWithQueue - Actual Result : 10.5
[INFO ] 2015-12-15 17:00:17.897 [main] EvaluatorTestWithQueue - Parameterized String is : ((74+52)/2)*((9*8)/4)
[INFO ] 2015-12-15 17:00:17.898 [main] EvaluatorTestWithQueue - POSTFIX EXPRESSION: 7452+2/98*4/*
[INFO ] 2015-12-15 17:00:17.898 [main] EvaluatorTestWithQueue - Expected Result : 1134.0
[INFO ] 2015-12-15 17:00:17.898 [main] EvaluatorTestWithQueue - Actual Result : 1134.0
[INFO ] 2015-12-15 17:00:17.899 [main] EvaluatorTestWithQueue - Parameterized String is : 0.2*0.2+1.01*6
[INFO ] 2015-12-15 17:00:17.899 [main] EvaluatorTestWithQueue - POSTFIX EXPRESSION: 0.20.2*1.016*+
[INFO ] 2015-12-15 17:00:17.900 [main] EvaluatorTestWithQueue - Expected Result : 6.1
[INFO ] 2015-12-15 17:00:17.900 [main] EvaluatorTestWithQueue - Actual Result : 6.1
[INFO ] 2015-12-15 17:00:17.900 [main] EvaluatorTestWithQueue - Parameterized String is : (44/2)*(53/2)
[INFO ] 2015-12-15 17:00:17.901 [main] EvaluatorTestWithQueue - POSTFIX EXPRESSION: 442/532/*
[INFO ] 2015-12-15 17:00:17.901 [main] EvaluatorTestWithQueue - Expected Result : 583.0
[INFO ] 2015-12-15 17:00:17.901 [main] EvaluatorTestWithQueue - Actual Result : 583.0
[INFO ] 2015-12-15 17:00:17.902 [main] EvaluatorTestWithQueue - Parameterized String is : 100*4+-72+63
[INFO ] 2015-12-15 17:00:17.902 [main] EvaluatorTestWithQueue - POSTFIX EXPRESSION: 1004*-72+63+
[INFO ] 2015-12-15 17:00:17.902 [main] EvaluatorTestWithQueue - Expected Result : 391.0
[INFO ] 2015-12-15 17:00:17.903 [main] EvaluatorTestWithQueue - Actual Result : 391.0
[INFO ] 2015-12-15 17:00:17.903 [main] EvaluatorTestWithQueue - Parameterized String is : ((86*1.63)/2)*54
[INFO ] 2015-12-15 17:00:17.903 [main] EvaluatorTestWithQueue - POSTFIX EXPRESSION: 861.63*2/54*
[INFO ] 2015-12-15 17:00:17.904 [main] EvaluatorTestWithQueue - Expected Result : 3784.86
[INFO ] 2015-12-15 17:00:17.904 [main] EvaluatorTestWithQueue - Actual Result : 3784.86
[INFO ] 2015-12-15 17:00:17.904 [main] EvaluatorTestWithQueue - Parameterized String is : (((9+10)))+2
[INFO ] 2015-12-15 17:00:17.904 [main] EvaluatorTestWithQueue - POSTFIX EXPRESSION: 910+2+
[INFO ] 2015-12-15 17:00:17.905 [main] EvaluatorTestWithQueue - Expected Result : 21.0
[INFO ] 2015-12-15 17:00:17.905 [main] EvaluatorTestWithQueue - Actual Result : 21.0
[INFO ] 2015-12-15 17:07:58.654 [main] EvaluatorTestWithQueue - Parameterized String is : 1+255/3+(1*2)
[INFO ] 2015-12-15 17:07:58.657 [main] EvaluatorTestWithQueue - Expected Postfix : 12553/+12*+
[INFO ] 2015-12-15 17:07:58.657 [main] EvaluatorTestWithQueue - Actual Postfix : 12553/+12*+
[INFO ] 2015-12-15 17:07:58.665 [main] EvaluatorTestWithQueue - Parameterized String is : 1+255/3+(1*2)
[INFO ] 2015-12-15 17:07:58.666 [main] EvaluatorTestWithQueue - Expected Result : 88.0
[INFO ] 2015-12-15 17:07:58.666 [main] EvaluatorTestWithQueue - Actual Result : 88.0
[INFO ] 2015-12-15 17:07:58.666 [main] EvaluatorTestWithQueue - Parameterized String is : (360-2.50)/(2*(3-2)+62)
[INFO ] 2015-12-15 17:07:58.667 [main] EvaluatorTestWithQueue - Expected Postfix : 3602.50-232-*62+/
[INFO ] 2015-12-15 17:07:58.667 [main] EvaluatorTestWithQueue - Actual Postfix : 3602.50-232-*62+/
[INFO ] 2015-12-15 17:07:58.668 [main] EvaluatorTestWithQueue - Parameterized String is : (360-2.50)/(2*(3-2)+62)
[INFO ] 2015-12-15 17:07:58.669 [main] EvaluatorTestWithQueue - Expected Result : 5.59
[INFO ] 2015-12-15 17:07:58.669 [main] EvaluatorTestWithQueue - Actual Result : 5.59
[INFO ] 2015-12-15 17:07:58.669 [main] EvaluatorTestWithQueue - Parameterized String is : (2*3/1)+2
[INFO ] 2015-12-15 17:07:58.670 [main] EvaluatorTestWithQueue - Expected Postfix : 23*1/2+
[INFO ] 2015-12-15 17:07:58.670 [main] EvaluatorTestWithQueue - Actual Postfix : 23*1/2+
[INFO ] 2015-12-15 17:07:58.671 [main] EvaluatorTestWithQueue - Parameterized String is : (2*3/1)+2
[INFO ] 2015-12-15 17:07:58.672 [main] EvaluatorTestWithQueue - Expected Result : 8.0
[INFO ] 2015-12-15 17:07:58.672 [main] EvaluatorTestWithQueue - Actual Result : 8.0
[INFO ] 2015-12-15 17:07:58.672 [main] EvaluatorTestWithQueue - Parameterized String is : 1+(2.5-0.75)/70
[INFO ] 2015-12-15 17:07:58.672 [main] EvaluatorTestWithQueue - Expected Postfix : 12.50.75-70/+
[INFO ] 2015-12-15 17:07:58.672 [main] EvaluatorTestWithQueue - Actual Postfix : 12.50.75-70/+
[INFO ] 2015-12-15 17:07:58.673 [main] EvaluatorTestWithQueue - Parameterized String is : 1+(2.5-0.75)/70
[INFO ] 2015-12-15 17:07:58.674 [main] EvaluatorTestWithQueue - Expected Result : 1.02
[INFO ] 2015-12-15 17:07:58.674 [main] EvaluatorTestWithQueue - Actual Result : 1.02
[INFO ] 2015-12-15 17:07:58.674 [main] EvaluatorTestWithQueue - Parameterized String is : (-22+4)/9
[INFO ] 2015-12-15 17:07:58.675 [main] EvaluatorTestWithQueue - Expected Postfix : -224+9/
[INFO ] 2015-12-15 17:07:58.675 [main] EvaluatorTestWithQueue - Actual Postfix : -224+9/
[INFO ] 2015-12-15 17:07:58.676 [main] EvaluatorTestWithQueue - Parameterized String is : (-22+4)/9
[INFO ] 2015-12-15 17:07:58.676 [main] EvaluatorTestWithQueue - Expected Result : -2.0
[INFO ] 2015-12-15 17:07:58.676 [main] EvaluatorTestWithQueue - Actual Result : -2.0
[INFO ] 2015-12-15 17:07:58.677 [main] EvaluatorTestWithQueue - Parameterized String is : ((64-7)+(44/4))/2
[INFO ] 2015-12-15 17:07:58.677 [main] EvaluatorTestWithQueue - Expected Postfix : 647-444/+2/
[INFO ] 2015-12-15 17:07:58.677 [main] EvaluatorTestWithQueue - Actual Postfix : 647-444/+2/
[INFO ] 2015-12-15 17:07:58.678 [main] EvaluatorTestWithQueue - Parameterized String is : ((64-7)+(44/4))/2
[INFO ] 2015-12-15 17:07:58.679 [main] EvaluatorTestWithQueue - Expected Result : 34.0
[INFO ] 2015-12-15 17:07:58.679 [main] EvaluatorTestWithQueue - Actual Result : 34.0
[INFO ] 2015-12-15 17:07:58.680 [main] EvaluatorTestWithQueue - Parameterized String is : 3.6+-0.2-4*9
[INFO ] 2015-12-15 17:07:58.680 [main] EvaluatorTestWithQueue - Expected Postfix : 3.6-0.2+49*-
[INFO ] 2015-12-15 17:07:58.680 [main] EvaluatorTestWithQueue - Actual Postfix : 3.6-0.2+49*-
[INFO ] 2015-12-15 17:07:58.681 [main] EvaluatorTestWithQueue - Parameterized String is : 3.6+-0.2-4*9
[INFO ] 2015-12-15 17:07:58.683 [main] EvaluatorTestWithQueue - Expected Result : -32.6
[INFO ] 2015-12-15 17:07:58.683 [main] EvaluatorTestWithQueue - Actual Result : -32.6
[INFO ] 2015-12-15 17:07:58.683 [main] EvaluatorTestWithQueue - Parameterized String is : 34*4+((9*10)/2)
[INFO ] 2015-12-15 17:07:58.684 [main] EvaluatorTestWithQueue - Expected Postfix : 344*910*2/+
[INFO ] 2015-12-15 17:07:58.684 [main] EvaluatorTestWithQueue - Actual Postfix : 344*910*2/+
[INFO ] 2015-12-15 17:07:58.685 [main] EvaluatorTestWithQueue - Parameterized String is : 34*4+((9*10)/2)
[INFO ] 2015-12-15 17:07:58.686 [main] EvaluatorTestWithQueue - Expected Result : 181.0
[INFO ] 2015-12-15 17:07:58.686 [main] EvaluatorTestWithQueue - Actual Result : 181.0
[INFO ] 2015-12-15 17:07:58.686 [main] EvaluatorTestWithQueue - Parameterized String is : (-0.4+-1.5+4)*5
[INFO ] 2015-12-15 17:07:58.686 [main] EvaluatorTestWithQueue - Expected Postfix : -0.4-1.5+4+5*
[INFO ] 2015-12-15 17:07:58.687 [main] EvaluatorTestWithQueue - Actual Postfix : -0.4-1.5+4+5*
[INFO ] 2015-12-15 17:07:58.687 [main] EvaluatorTestWithQueue - Parameterized String is : (-0.4+-1.5+4)*5
[INFO ] 2015-12-15 17:07:58.688 [main] EvaluatorTestWithQueue - Expected Result : 10.5
[INFO ] 2015-12-15 17:07:58.688 [main] EvaluatorTestWithQueue - Actual Result : 10.5
[INFO ] 2015-12-15 17:07:58.688 [main] EvaluatorTestWithQueue - Parameterized String is : ((74+52)/2)*((9*8)/4)
[INFO ] 2015-12-15 17:07:58.689 [main] EvaluatorTestWithQueue - Expected Postfix : 7452+2/98*4/*
[INFO ] 2015-12-15 17:07:58.689 [main] EvaluatorTestWithQueue - Actual Postfix : 7452+2/98*4/*
[INFO ] 2015-12-15 17:07:58.690 [main] EvaluatorTestWithQueue - Parameterized String is : ((74+52)/2)*((9*8)/4)
[INFO ] 2015-12-15 17:07:58.690 [main] EvaluatorTestWithQueue - Expected Result : 1134.0
[INFO ] 2015-12-15 17:07:58.690 [main] EvaluatorTestWithQueue - Actual Result : 1134.0
[INFO ] 2015-12-15 17:07:58.691 [main] EvaluatorTestWithQueue - Parameterized String is : 0.2*0.2+1.01*6
[INFO ] 2015-12-15 17:07:58.691 [main] EvaluatorTestWithQueue - Expected Postfix : 0.20.2*1.016*+
[INFO ] 2015-12-15 17:07:58.691 [main] EvaluatorTestWithQueue - Actual Postfix : 0.20.2*1.016*+
[INFO ] 2015-12-15 17:07:58.692 [main] EvaluatorTestWithQueue - Parameterized String is : 0.2*0.2+1.01*6
[INFO ] 2015-12-15 17:07:58.693 [main] EvaluatorTestWithQueue - Expected Result : 6.1
[INFO ] 2015-12-15 17:07:58.693 [main] EvaluatorTestWithQueue - Actual Result : 6.1
[INFO ] 2015-12-15 17:07:58.693 [main] EvaluatorTestWithQueue - Parameterized String is : (44/2)*(53/2)
[INFO ] 2015-12-15 17:07:58.693 [main] EvaluatorTestWithQueue - Expected Postfix : 442/532/*
[INFO ] 2015-12-15 17:07:58.693 [main] EvaluatorTestWithQueue - Actual Postfix : 442/532/*
[INFO ] 2015-12-15 17:07:58.694 [main] EvaluatorTestWithQueue - Parameterized String is : (44/2)*(53/2)
[INFO ] 2015-12-15 17:07:58.694 [main] EvaluatorTestWithQueue - Expected Result : 583.0
[INFO ] 2015-12-15 17:07:58.695 [main] EvaluatorTestWithQueue - Actual Result : 583.0
[INFO ] 2015-12-15 17:07:58.696 [main] EvaluatorTestWithQueue - Parameterized String is : 100*4+-72+63
[INFO ] 2015-12-15 17:07:58.697 [main] EvaluatorTestWithQueue - Expected Postfix : 1004*-72+63+
[INFO ] 2015-12-15 17:07:58.697 [main] EvaluatorTestWithQueue - Actual Postfix : 1004*-72+63+
[INFO ] 2015-12-15 17:07:58.700 [main] EvaluatorTestWithQueue - Parameterized String is : 100*4+-72+63
[INFO ] 2015-12-15 17:07:58.700 [main] EvaluatorTestWithQueue - Expected Result : 391.0
[INFO ] 2015-12-15 17:07:58.700 [main] EvaluatorTestWithQueue - Actual Result : 391.0
[INFO ] 2015-12-15 17:07:58.701 [main] EvaluatorTestWithQueue - Parameterized String is : ((86*1.63)/2)*54
[INFO ] 2015-12-15 17:07:58.701 [main] EvaluatorTestWithQueue - Expected Postfix : 861.63*2/54*
[INFO ] 2015-12-15 17:07:58.701 [main] EvaluatorTestWithQueue - Actual Postfix : 861.63*2/54*
[INFO ] 2015-12-15 17:07:58.702 [main] EvaluatorTestWithQueue - Parameterized String is : ((86*1.63)/2)*54
[INFO ] 2015-12-15 17:07:58.703 [main] EvaluatorTestWithQueue - Expected Result : 3784.86
[INFO ] 2015-12-15 17:07:58.703 [main] EvaluatorTestWithQueue - Actual Result : 3784.86
[INFO ] 2015-12-15 17:07:58.703 [main] EvaluatorTestWithQueue - Parameterized String is : (((9+10)))+2
[INFO ] 2015-12-15 17:07:58.703 [main] EvaluatorTestWithQueue - Expected Postfix : 910+2+
[INFO ] 2015-12-15 17:07:58.703 [main] EvaluatorTestWithQueue - Actual Postfix : 910+2+
[INFO ] 2015-12-15 17:07:58.704 [main] EvaluatorTestWithQueue - Parameterized String is : (((9+10)))+2
[INFO ] 2015-12-15 17:07:58.704 [main] EvaluatorTestWithQueue - Expected Result : 21.0
[INFO ] 2015-12-15 17:07:58.704 [main] EvaluatorTestWithQueue - Actual Result : 21.0
[INFO ] 2015-12-15 17:08:45.766 [main] EvaluatorTestWithQueue - Parameterized String is : 1+255/3+(1*2)
[INFO ] 2015-12-15 17:08:45.769 [main] EvaluatorTestWithQueue - Expected Postfix : 12553/+12*+
[INFO ] 2015-12-15 17:08:45.770 [main] EvaluatorTestWithQueue - Actual Postfix : 12553/+12*+
[INFO ] 2015-12-15 17:08:45.771 [main] EvaluatorTestWithQueue - Parameterized String is : 1+255/3+(1*2)
[INFO ] 2015-12-15 17:08:45.772 [main] EvaluatorTestWithQueue - Expected Result : 88.0
[INFO ] 2015-12-15 17:08:45.772 [main] EvaluatorTestWithQueue - Actual Result : 88.0
[INFO ] 2015-12-15 17:08:45.773 [main] EvaluatorTestWithQueue - Parameterized String is : (360-2.50)/(2*(3-2)+62)
[INFO ] 2015-12-15 17:08:45.773 [main] EvaluatorTestWithQueue - Expected Postfix : 3602.50-232-*62+/
[INFO ] 2015-12-15 17:08:45.773 [main] EvaluatorTestWithQueue - Actual Postfix : 3602.50-232-*62+/
[INFO ] 2015-12-15 17:08:45.774 [main] EvaluatorTestWithQueue - Parameterized String is : (360-2.50)/(2*(3-2)+62)
[INFO ] 2015-12-15 17:08:45.774 [main] EvaluatorTestWithQueue - Expected Result : 5.59
[INFO ] 2015-12-15 17:08:45.775 [main] EvaluatorTestWithQueue - Actual Result : 5.59
[INFO ] 2015-12-15 17:08:45.775 [main] EvaluatorTestWithQueue - Parameterized String is : (2*3/1)+2
[INFO ] 2015-12-15 17:08:45.775 [main] EvaluatorTestWithQueue - Expected Postfix : 23*1/2+
[INFO ] 2015-12-15 17:08:45.775 [main] EvaluatorTestWithQueue - Actual Postfix : 23*1/2+
[INFO ] 2015-12-15 17:08:45.775 [main] EvaluatorTestWithQueue - Parameterized String is : (2*3/1)+2
[INFO ] 2015-12-15 17:08:45.776 [main] EvaluatorTestWithQueue - Expected Result : 8.0
[INFO ] 2015-12-15 17:08:45.776 [main] EvaluatorTestWithQueue - Actual Result : 8.0
[INFO ] 2015-12-15 17:08:45.776 [main] EvaluatorTestWithQueue - Parameterized String is : 1+(2.5-0.75)/70
[INFO ] 2015-12-15 17:08:45.776 [main] EvaluatorTestWithQueue - Expected Postfix : 12.50.75-70/+
[INFO ] 2015-12-15 17:08:45.777 [main] EvaluatorTestWithQueue - Actual Postfix : 12.50.75-70/+
[INFO ] 2015-12-15 17:08:45.777 [main] EvaluatorTestWithQueue - Parameterized String is : 1+(2.5-0.75)/70
[INFO ] 2015-12-15 17:08:45.777 [main] EvaluatorTestWithQueue - Expected Result : 1.02
[INFO ] 2015-12-15 17:08:45.777 [main] EvaluatorTestWithQueue - Actual Result : 1.02
[INFO ] 2015-12-15 17:08:45.778 [main] EvaluatorTestWithQueue - Parameterized String is : (-22+4)/9
[INFO ] 2015-12-15 17:08:45.778 [main] EvaluatorTestWithQueue - Expected Postfix : -224+9/
[INFO ] 2015-12-15 17:08:45.778 [main] EvaluatorTestWithQueue - Actual Postfix : -224+9/
[INFO ] 2015-12-15 17:08:45.778 [main] EvaluatorTestWithQueue - Parameterized String is : (-22+4)/9
[INFO ] 2015-12-15 17:08:45.779 [main] EvaluatorTestWithQueue - Expected Result : -2.0
[INFO ] 2015-12-15 17:08:45.779 [main] EvaluatorTestWithQueue - Actual Result : -2.0
[INFO ] 2015-12-15 17:08:45.779 [main] EvaluatorTestWithQueue - Parameterized String is : ((64-7)+(44/4))/2
[INFO ] 2015-12-15 17:08:45.780 [main] EvaluatorTestWithQueue - Expected Postfix : 647-444/+2/
[INFO ] 2015-12-15 17:08:45.780 [main] EvaluatorTestWithQueue - Actual Postfix : 647-444/+2/
[INFO ] 2015-12-15 17:08:45.780 [main] EvaluatorTestWithQueue - Parameterized String is : ((64-7)+(44/4))/2
[INFO ] 2015-12-15 17:08:45.780 [main] EvaluatorTestWithQueue - Expected Result : 34.0
[INFO ] 2015-12-15 17:08:45.781 [main] EvaluatorTestWithQueue - Actual Result : 34.0
[INFO ] 2015-12-15 17:08:45.781 [main] EvaluatorTestWithQueue - Parameterized String is : 3.6+-0.2-4*9
[INFO ] 2015-12-15 17:08:45.781 [main] EvaluatorTestWithQueue - Expected Postfix : 3.6-0.2+49*-
[INFO ] 2015-12-15 17:08:45.781 [main] EvaluatorTestWithQueue - Actual Postfix : 3.6-0.2+49*-
[INFO ] 2015-12-15 17:08:45.782 [main] EvaluatorTestWithQueue - Parameterized String is : 3.6+-0.2-4*9
[INFO ] 2015-12-15 17:08:45.782 [main] EvaluatorTestWithQueue - Expected Result : -32.6
[INFO ] 2015-12-15 17:08:45.782 [main] EvaluatorTestWithQueue - Actual Result : -32.6
[INFO ] 2015-12-15 17:08:45.783 [main] EvaluatorTestWithQueue - Parameterized String is : 34*4+((9*10)/2)
[INFO ] 2015-12-15 17:08:45.783 [main] EvaluatorTestWithQueue - Expected Postfix : 344*910*2/+
[INFO ] 2015-12-15 17:08:45.783 [main] EvaluatorTestWithQueue - Actual Postfix : 344*910*2/+
[INFO ] 2015-12-15 17:08:45.784 [main] EvaluatorTestWithQueue - Parameterized String is : 34*4+((9*10)/2)
[INFO ] 2015-12-15 17:08:45.784 [main] EvaluatorTestWithQueue - Expected Result : 181.0
[INFO ] 2015-12-15 17:08:45.785 [main] EvaluatorTestWithQueue - Actual Result : 181.0
[INFO ] 2015-12-15 17:08:45.785 [main] EvaluatorTestWithQueue - Parameterized String is : (-0.4+-1.5+4)*5
[INFO ] 2015-12-15 17:08:45.785 [main] EvaluatorTestWithQueue - Expected Postfix : -0.4-1.5+4+5*
[INFO ] 2015-12-15 17:08:45.785 [main] EvaluatorTestWithQueue - Actual Postfix : -0.4-1.5+4+5*
[INFO ] 2015-12-15 17:08:45.786 [main] EvaluatorTestWithQueue - Parameterized String is : (-0.4+-1.5+4)*5
[INFO ] 2015-12-15 17:08:45.786 [main] EvaluatorTestWithQueue - Expected Result : 10.5
[INFO ] 2015-12-15 17:08:45.786 [main] EvaluatorTestWithQueue - Actual Result : 10.5
[INFO ] 2015-12-15 17:08:45.787 [main] EvaluatorTestWithQueue - Parameterized String is : ((74+52)/2)*((9*8)/4)
[INFO ] 2015-12-15 17:08:45.788 [main] EvaluatorTestWithQueue - Expected Postfix : 7452+2/98*4/*
[INFO ] 2015-12-15 17:08:45.788 [main] EvaluatorTestWithQueue - Actual Postfix : 7452+2/98*4/*
[INFO ] 2015-12-15 17:08:45.788 [main] EvaluatorTestWithQueue - Parameterized String is : ((74+52)/2)*((9*8)/4)
[INFO ] 2015-12-15 17:08:45.789 [main] EvaluatorTestWithQueue - Expected Result : 1134.0
[INFO ] 2015-12-15 17:08:45.789 [main] EvaluatorTestWithQueue - Actual Result : 1134.0
[INFO ] 2015-12-15 17:08:45.789 [main] EvaluatorTestWithQueue - Parameterized String is : 0.2*0.2+1.01*6
[INFO ] 2015-12-15 17:08:45.790 [main] EvaluatorTestWithQueue - Expected Postfix : 0.20.2*1.016*+
[INFO ] 2015-12-15 17:08:45.790 [main] EvaluatorTestWithQueue - Actual Postfix : 0.20.2*1.016*+
[INFO ] 2015-12-15 17:08:45.790 [main] EvaluatorTestWithQueue - Parameterized String is : 0.2*0.2+1.01*6
[INFO ] 2015-12-15 17:08:45.791 [main] EvaluatorTestWithQueue - Expected Result : 6.1
[INFO ] 2015-12-15 17:08:45.791 [main] EvaluatorTestWithQueue - Actual Result : 6.1
[INFO ] 2015-12-15 17:08:45.791 [main] EvaluatorTestWithQueue - Parameterized String is : (44/2)*(53/2)
[INFO ] 2015-12-15 17:08:45.792 [main] EvaluatorTestWithQueue - Expected Postfix : 442/532/*
[INFO ] 2015-12-15 17:08:45.792 [main] EvaluatorTestWithQueue - Actual Postfix : 442/532/*
[INFO ] 2015-12-15 17:08:45.792 [main] EvaluatorTestWithQueue - Parameterized String is : (44/2)*(53/2)
[INFO ] 2015-12-15 17:08:45.793 [main] EvaluatorTestWithQueue - Expected Result : 583.0
[INFO ] 2015-12-15 17:08:45.793 [main] EvaluatorTestWithQueue - Actual Result : 583.0
[INFO ] 2015-12-15 17:08:45.793 [main] EvaluatorTestWithQueue - Parameterized String is : 100*4+-72+63
[INFO ] 2015-12-15 17:08:45.793 [main] EvaluatorTestWithQueue - Expected Postfix : 1004*-72+63+
[INFO ] 2015-12-15 17:08:45.793 [main] EvaluatorTestWithQueue - Actual Postfix : 1004*-72+63+
[INFO ] 2015-12-15 17:08:45.793 [main] EvaluatorTestWithQueue - Parameterized String is : 100*4+-72+63
[INFO ] 2015-12-15 17:08:45.794 [main] EvaluatorTestWithQueue - Expected Result : 391.0
[INFO ] 2015-12-15 17:08:45.794 [main] EvaluatorTestWithQueue - Actual Result : 391.0
[INFO ] 2015-12-15 17:08:45.794 [main] EvaluatorTestWithQueue - Parameterized String is : ((86*1.63)/2)*54
[INFO ] 2015-12-15 17:08:45.794 [main] EvaluatorTestWithQueue - Expected Postfix : 861.63*2/54*
[INFO ] 2015-12-15 17:08:45.794 [main] EvaluatorTestWithQueue - Actual Postfix : 861.63*2/54*
[INFO ] 2015-12-15 17:08:45.795 [main] EvaluatorTestWithQueue - Parameterized String is : ((86*1.63)/2)*54
[INFO ] 2015-12-15 17:08:45.796 [main] EvaluatorTestWithQueue - Expected Result : 3784.86
[INFO ] 2015-12-15 17:08:45.796 [main] EvaluatorTestWithQueue - Actual Result : 3784.86
[INFO ] 2015-12-15 17:08:45.796 [main] EvaluatorTestWithQueue - Parameterized String is : (((9+10)))+2
[INFO ] 2015-12-15 17:08:45.796 [main] EvaluatorTestWithQueue - Expected Postfix : 910+2+
[INFO ] 2015-12-15 17:08:45.796 [main] EvaluatorTestWithQueue - Actual Postfix : 910+2+
[INFO ] 2015-12-15 17:08:45.797 [main] EvaluatorTestWithQueue - Parameterized String is : (((9+10)))+2
[INFO ] 2015-12-15 17:08:45.797 [main] EvaluatorTestWithQueue - Expected Result : 21.0
[INFO ] 2015-12-15 17:08:45.797 [main] EvaluatorTestWithQueue - Actual Result : 21.0
[INFO ] 2015-12-15 17:09:11.394 [main] EvaluatorTestWithInfixClass - Parameterized String is : (500*1.7/-5.3)+2-0.75/1.45
[INFO ] 2015-12-15 17:09:11.398 [main] EvaluatorTestWithInfixClass - Expected Postfix : 5001.7*-5.3/2+0.751.45/-
[INFO ] 2015-12-15 17:09:11.398 [main] EvaluatorTestWithInfixClass - Actual Postfix : 5001.7*-5.3/2+0.751.45/-
[INFO ] 2015-12-15 17:09:11.400 [main] EvaluatorTestWithInfixClass - Parameterized String is : (500*1.7/-5.3)+2-0.75/1.45
[INFO ] 2015-12-15 17:09:11.402 [main] EvaluatorTestWithInfixClass - Expected Result : -158.89
[INFO ] 2015-12-15 17:09:11.402 [main] EvaluatorTestWithInfixClass - Actual Result : -158.89
[INFO ] 2015-12-15 17:09:11.403 [main] EvaluatorTestWithInfixClass - Parameterized String is : (-96/7)+(0.99*70)/(1.07*2)
[INFO ] 2015-12-15 17:09:11.403 [main] EvaluatorTestWithInfixClass - Expected Postfix : -967/0.9970*1.072*/+
[INFO ] 2015-12-15 17:09:11.403 [main] EvaluatorTestWithInfixClass - Actual Postfix : -967/0.9970*1.072*/+
[INFO ] 2015-12-15 17:09:11.404 [main] EvaluatorTestWithInfixClass - Parameterized String is : (-96/7)+(0.99*70)/(1.07*2)
[INFO ] 2015-12-15 17:09:11.406 [main] EvaluatorTestWithInfixClass - Expected Result : 18.67
[INFO ] 2015-12-15 17:09:11.406 [main] EvaluatorTestWithInfixClass - Actual Result : 18.67
[INFO ] 2015-12-15 17:09:11.406 [main] EvaluatorTestWithInfixClass - Parameterized String is : 68+(2+9-18)/1.2*5.3
[INFO ] 2015-12-15 17:09:11.408 [main] EvaluatorTestWithInfixClass - Expected Postfix : 6829+18-1.2/5.3*+
[INFO ] 2015-12-15 17:09:11.409 [main] EvaluatorTestWithInfixClass - Actual Postfix : 6829+18-1.2/5.3*+
[INFO ] 2015-12-15 17:09:11.409 [main] EvaluatorTestWithInfixClass - Parameterized String is : 68+(2+9-18)/1.2*5.3
[INFO ] 2015-12-15 17:09:11.410 [main] EvaluatorTestWithInfixClass - Expected Result : 37.08
[INFO ] 2015-12-15 17:09:11.410 [main] EvaluatorTestWithInfixClass - Actual Result : 37.08
[INFO ] 2015-12-15 17:09:11.411 [main] EvaluatorTestWithInfixClass - Parameterized String is : -99+3+1-2/(-4+0.5)
[INFO ] 2015-12-15 17:09:11.412 [main] EvaluatorTestWithInfixClass - Expected Postfix : -993+1+2-40.5+/-
[INFO ] 2015-12-15 17:09:11.412 [main] EvaluatorTestWithInfixClass - Actual Postfix : -993+1+2-40.5+/-
[INFO ] 2015-12-15 17:09:11.412 [main] EvaluatorTestWithInfixClass - Parameterized String is : -99+3+1-2/(-4+0.5)
[INFO ] 2015-12-15 17:09:11.413 [main] EvaluatorTestWithInfixClass - Expected Result : -94.43
[INFO ] 2015-12-15 17:09:11.414 [main] EvaluatorTestWithInfixClass - Actual Result : -94.43
[INFO ] 2015-12-15 17:09:11.415 [main] EvaluatorTestWithInfixClass - Parameterized String is : (100/0.3*0.5+4)*0.75
[INFO ] 2015-12-15 17:09:11.415 [main] EvaluatorTestWithInfixClass - Expected Postfix : 1000.3/0.5*4+0.75*
[INFO ] 2015-12-15 17:09:11.415 [main] EvaluatorTestWithInfixClass - Actual Postfix : 1000.3/0.5*4+0.75*
[INFO ] 2015-12-15 17:09:11.416 [main] EvaluatorTestWithInfixClass - Parameterized String is : (100/0.3*0.5+4)*0.75
[INFO ] 2015-12-15 17:09:11.416 [main] EvaluatorTestWithInfixClass - Expected Result : 128.0
[INFO ] 2015-12-15 17:09:11.416 [main] EvaluatorTestWithInfixClass - Actual Result : 128.0
[INFO ] 2015-12-15 17:09:11.417 [main] EvaluatorTestWithInfixClass - Parameterized String is : 30/(50+0.5)*10/-5
[INFO ] 2015-12-15 17:09:11.417 [main] EvaluatorTestWithInfixClass - Expected Postfix : 30500.5+/10*-5/
[INFO ] 2015-12-15 17:09:11.417 [main] EvaluatorTestWithInfixClass - Actual Postfix : 30500.5+/10*-5/
[INFO ] 2015-12-15 17:09:11.418 [main] EvaluatorTestWithInfixClass - Parameterized String is : 30/(50+0.5)*10/-5
[INFO ] 2015-12-15 17:09:11.418 [main] EvaluatorTestWithInfixClass - Expected Result : -1.19
[INFO ] 2015-12-15 17:09:11.418 [main] EvaluatorTestWithInfixClass - Actual Result : -1.19
[INFO ] 2015-12-15 17:09:11.419 [main] EvaluatorTestWithInfixClass - Parameterized String is : (10-20)*2-3*2
[INFO ] 2015-12-15 17:09:11.419 [main] EvaluatorTestWithInfixClass - Expected Postfix : 1020-2*32*-
[INFO ] 2015-12-15 17:09:11.419 [main] EvaluatorTestWithInfixClass - Actual Postfix : 1020-2*32*-
[INFO ] 2015-12-15 17:09:11.421 [main] EvaluatorTestWithInfixClass - Parameterized String is : (10-20)*2-3*2
[INFO ] 2015-12-15 17:09:11.421 [main] EvaluatorTestWithInfixClass - Expected Result : -26.0
[INFO ] 2015-12-15 17:09:11.421 [main] EvaluatorTestWithInfixClass - Actual Result : -26.0
[INFO ] 2015-12-15 17:09:11.421 [main] EvaluatorTestWithInfixClass - Parameterized String is : (4*2+3-2)/(6/8)
[INFO ] 2015-12-15 17:09:11.422 [main] EvaluatorTestWithInfixClass - Expected Postfix : 42*3+2-68//
[INFO ] 2015-12-15 17:09:11.422 [main] EvaluatorTestWithInfixClass - Actual Postfix : 42*3+2-68//
[INFO ] 2015-12-15 17:09:11.423 [main] EvaluatorTestWithInfixClass - Parameterized String is : (4*2+3-2)/(6/8)
[INFO ] 2015-12-15 17:09:11.424 [main] EvaluatorTestWithInfixClass - Expected Result : 12.0
[INFO ] 2015-12-15 17:09:11.424 [main] EvaluatorTestWithInfixClass - Actual Result : 12.0
[INFO ] 2015-12-15 17:09:11.425 [main] EvaluatorTestWithInfixClass - Parameterized String is : (1+8-5/2)*2+4
[INFO ] 2015-12-15 17:09:11.426 [main] EvaluatorTestWithInfixClass - Expected Postfix : 18+52/-2*4+
[INFO ] 2015-12-15 17:09:11.426 [main] EvaluatorTestWithInfixClass - Actual Postfix : 18+52/-2*4+
[INFO ] 2015-12-15 17:09:11.427 [main] EvaluatorTestWithInfixClass - Parameterized String is : (1+8-5/2)*2+4
[INFO ] 2015-12-15 17:09:11.428 [main] EvaluatorTestWithInfixClass - Expected Result : 17.0
[INFO ] 2015-12-15 17:09:11.428 [main] EvaluatorTestWithInfixClass - Actual Result : 17.0
[INFO ] 2015-12-15 17:09:11.429 [main] EvaluatorTestWithInfixClass - Parameterized String is : 18+2-0.75/(-2*0.5)
[INFO ] 2015-12-15 17:09:11.429 [main] EvaluatorTestWithInfixClass - Expected Postfix : 182+0.75-20.5*/-
[INFO ] 2015-12-15 17:09:11.429 [main] EvaluatorTestWithInfixClass - Actual Postfix : 182+0.75-20.5*/-
[INFO ] 2015-12-15 17:09:11.429 [main] EvaluatorTestWithInfixClass - Parameterized String is : 18+2-0.75/(-2*0.5)
[INFO ] 2015-12-15 17:09:11.430 [main] EvaluatorTestWithInfixClass - Expected Result : 20.75
[INFO ] 2015-12-15 17:09:11.430 [main] EvaluatorTestWithInfixClass - Actual Result : 20.75
